#
# A fatal error has been detected by the Java Runtime Environment:
#
#  SIGSEGV (0xb) at pc=0x000000010d7a111e, pid=54639, tid=7683
#
# JRE version: Java(TM) SE Runtime Environment (15.0.2+7) (build 15.0.2+7-27)
# Java VM: Java HotSpot(TM) 64-Bit Server VM (15.0.2+7-27, mixed mode, sharing, tiered, compressed oops, g1 gc, bsd-amd64)
# Problematic frame:
# V  [libjvm.dylib+0x7a111e]  ObjArrayAllocator::initialize(HeapWordImpl**) const+0x6e
#
# No core dump will be written. Core dumps have been disabled. To enable core dumping, try "ulimit -c unlimited" before starting Java again
#
# If you would like to submit a bug report, please visit:
#   https://bugreport.java.com/bugreport/crash.jsp
#

---------------  S U M M A R Y ------------

Command Line: --module-path=/Users/petersalnikov/Documents/javafx-sdk-15.0.1/lib --add-modules=javafx.controls,javafx.fxml -Djava.library.path=/Users/petersalnikov/Documents/javafx-sdk-15.0.1/lib -javaagent:/Applications/IntelliJ IDEA.app/Contents/lib/idea_rt.jar=52903:/Applications/IntelliJ IDEA.app/Contents/bin -Dfile.encoding=UTF-8 Core.Game

Host: MacBookAir10,1 x86_64 2400 MHz, 8 cores, 8G, Darwin 20.3.0
Time: Thu Mar 18 17:22:25 2021 PDT elapsed time: 0.843513 seconds (0d 0h 0m 0s)

---------------  T H R E A D  ---------------

Current thread (0x00007f8b54813c00):  JavaThread "main" [_thread_in_vm, id=7683, stack(0x0000000305ab0000,0x0000000305bb0000)]

Stack: [0x0000000305ab0000,0x0000000305bb0000],  sp=0x0000000305bace28,  free space=1011k
Native frames: (J=compiled Java code, A=aot compiled Java code, j=interpreted, Vv=VM code, C=native code)
V  [libjvm.dylib+0x7a111e]  ObjArrayAllocator::initialize(HeapWordImpl**) const+0x6e
V  [libjvm.dylib+0x2bec36]  CollectedHeap::array_allocate(Klass*, int, int, bool, Thread*)+0x36
V  [libjvm.dylib+0x9c33f3]  TypeArrayKlass::allocate_common(int, bool, Thread*)+0x83
V  [libjvm.dylib+0x4a3041]  InterpreterRuntime::newarray(JavaThread*, BasicType, int)+0x21
j  java.io.InputStream.readNBytes(I)[B+194 java.base@15.0.2
j  java.io.InputStream.readAllBytes()[B+3 java.base@15.0.2
j  java.lang.module.ModuleReader.read(Ljava/lang/String;)Ljava/util/Optional;+24 java.base@15.0.2
j  jdk.internal.loader.BuiltinClassLoader.defineClass(Ljava/lang/String;Ljdk/internal/loader/BuiltinClassLoader$LoadedModule;)Ljava/lang/Class;+79 java.base@15.0.2
J 682 c1 jdk.internal.loader.BuiltinClassLoader.loadClassOrNull(Ljava/lang/String;Z)Ljava/lang/Class; java.base@15.0.2 (143 bytes) @ 0x0000000117df5da4 [0x0000000117df57c0+0x00000000000005e4]
J 687 c1 jdk.internal.loader.ClassLoaders$AppClassLoader.loadClass(Ljava/lang/String;Z)Ljava/lang/Class; java.base@15.0.2 (40 bytes) @ 0x0000000117df9c14 [0x0000000117df95e0+0x0000000000000634]
J 686 c1 java.lang.ClassLoader.loadClass(Ljava/lang/String;)Ljava/lang/Class; java.base@15.0.2 (7 bytes) @ 0x0000000117df88ac [0x0000000117df87a0+0x000000000000010c]
v  ~StubRoutines::call_stub
V  [libjvm.dylib+0x4adf62]  JavaCalls::call_helper(JavaValue*, methodHandle const&, JavaCallArguments*, Thread*)+0x2e2
V  [libjvm.dylib+0x4ace49]  JavaCalls::call_virtual(JavaValue*, Klass*, Symbol*, Symbol*, JavaCallArguments*, Thread*)+0x1e9
V  [libjvm.dylib+0x4acfad]  JavaCalls::call_virtual(JavaValue*, Handle, Klass*, Symbol*, Symbol*, Handle, Thread*)+0x6d
V  [libjvm.dylib+0x953be9]  SystemDictionary::load_instance_class(Symbol*, Handle, Thread*)+0x119
V  [libjvm.dylib+0x952873]  SystemDictionary::resolve_instance_class_or_null(Symbol*, Handle, Handle, Thread*)+0x853
V  [libjvm.dylib+0x952e81]  SystemDictionary::resolve_super_or_fail(Symbol*, Symbol*, Handle, Handle, bool, Thread*)+0x2e1
V  [libjvm.dylib+0x290012]  ClassFileParser::post_process_parsed_stream(ClassFileStream const*, ConstantPool*, Thread*)+0x162
V  [libjvm.dylib+0x69cb3b]  KlassFactory::create_from_stream(ClassFileStream*, Symbol*, ClassLoaderData*, ClassLoadInfo const&, Thread*)+0xcb
V  [libjvm.dylib+0x954b51]  SystemDictionary::resolve_from_stream(Symbol*, Handle, Handle, ClassFileStream*, Thread*)+0x281
V  [libjvm.dylib+0x548ca8]  jvm_define_class_common(JNIEnv_*, char const*, _jobject*, signed char const*, int, _jobject*, char const*, Thread*)+0x338
V  [libjvm.dylib+0x5497c1]  JVM_DefineClassWithSource+0xc1
C  [libjava.dylib+0x16f9]  Java_java_lang_ClassLoader_defineClass1+0x239
j  java.lang.ClassLoader.defineClass1(Ljava/lang/ClassLoader;Ljava/lang/String;[BIILjava/security/ProtectionDomain;Ljava/lang/String;)Ljava/lang/Class;+0 java.base@15.0.2
j  java.lang.ClassLoader.defineClass(Ljava/lang/String;[BIILjava/security/ProtectionDomain;)Ljava/lang/Class;+27 java.base@15.0.2
j  java.lang.ClassLoader.defineClass(Ljava/lang/String;Ljava/nio/ByteBuffer;Ljava/security/ProtectionDomain;)Ljava/lang/Class;+38 java.base@15.0.2
J 754 c1 java.security.SecureClassLoader.defineClass(Ljava/lang/String;Ljava/nio/ByteBuffer;Ljava/security/CodeSource;)Ljava/lang/Class; java.base@15.0.2 (12 bytes) @ 0x0000000117e1aefc [0x0000000117e1ae40+0x00000000000000bc]
j  jdk.internal.loader.BuiltinClassLoader.defineClass(Ljava/lang/String;Ljdk/internal/loader/BuiltinClassLoader$LoadedModule;)Ljava/lang/Class;+127 java.base@15.0.2
J 682 c1 jdk.internal.loader.BuiltinClassLoader.loadClassOrNull(Ljava/lang/String;Z)Ljava/lang/Class; java.base@15.0.2 (143 bytes) @ 0x0000000117df5da4 [0x0000000117df57c0+0x00000000000005e4]
J 687 c1 jdk.internal.loader.ClassLoaders$AppClassLoader.loadClass(Ljava/lang/String;Z)Ljava/lang/Class; java.base@15.0.2 (40 bytes) @ 0x0000000117df9c14 [0x0000000117df95e0+0x0000000000000634]
J 686 c1 java.lang.ClassLoader.loadClass(Ljava/lang/String;)Ljava/lang/Class; java.base@15.0.2 (7 bytes) @ 0x0000000117df88ac [0x0000000117df87a0+0x000000000000010c]
v  ~StubRoutines::call_stub
V  [libjvm.dylib+0x4adf62]  JavaCalls::call_helper(JavaValue*, methodHandle const&, JavaCallArguments*, Thread*)+0x2e2
V  [libjvm.dylib+0x4ace49]  JavaCalls::call_virtual(JavaValue*, Klass*, Symbol*, Symbol*, JavaCallArguments*, Thread*)+0x1e9
V  [libjvm.dylib+0x4acfad]  JavaCalls::call_virtual(JavaValue*, Handle, Klass*, Symbol*, Symbol*, Handle, Thread*)+0x6d
V  [libjvm.dylib+0x953be9]  SystemDictionary::load_instance_class(Symbol*, Handle, Thread*)+0x119
V  [libjvm.dylib+0x952873]  SystemDictionary::resolve_instance_class_or_null(Symbol*, Handle, Handle, Thread*)+0x853
V  [libjvm.dylib+0x951a77]  SystemDictionary::resolve_or_fail(Symbol*, Handle, Handle, bool, Thread*)+0x77
V  [libjvm.dylib+0x8dcc7e]  SignatureStream::as_java_mirror(Handle, Handle, SignatureStream::FailureMode, Thread*)+0xbe
V  [libjvm.dylib+0x89c6fd]  get_parameter_types(methodHandle const&, int, oopDesc**, Thread*)+0x15d
V  [libjvm.dylib+0x89c159]  Reflection::new_method(methodHandle const&, bool, Thread*)+0x59
V  [libjvm.dylib+0x54f177]  get_class_declared_methods_helper(JNIEnv_*, _jclass*, unsigned char, bool, Klass*, Thread*)+0x677
V  [libjvm.dylib+0x54ea73]  JVM_GetClassDeclaredMethods+0xb3
j  java.lang.Class.getDeclaredMethods0(Z)[Ljava/lang/reflect/Method;+0 java.base@15.0.2
j  java.lang.Class.privateGetDeclaredMethods(Z)[Ljava/lang/reflect/Method;+34 java.base@15.0.2
j  java.lang.Class.getMethodsRecursive(Ljava/lang/String;[Ljava/lang/Class;Z)Ljava/lang/PublicMethods$MethodList;+2 java.base@15.0.2
j  java.lang.Class.getMethod0(Ljava/lang/String;[Ljava/lang/Class;)Ljava/lang/reflect/Method;+14 java.base@15.0.2
j  java.lang.Class.getMethod(Ljava/lang/String;[Ljava/lang/Class;)Ljava/lang/reflect/Method;+26 java.base@15.0.2
j  com.sun.javafx.application.LauncherImpl.launchApplicationWithArgs(Lcom/sun/javafx/application/ModuleAccess;Ljava/lang/String;Ljava/lang/String;[Ljava/lang/String;)V+110 javafx.graphics
j  com.sun.javafx.application.LauncherImpl.launchApplication(Ljava/lang/String;Ljava/lang/String;[Ljava/lang/String;)V+483 javafx.graphics
v  ~StubRoutines::call_stub
V  [libjvm.dylib+0x4adf62]  JavaCalls::call_helper(JavaValue*, methodHandle const&, JavaCallArguments*, Thread*)+0x2e2
V  [libjvm.dylib+0x89dbde]  invoke(InstanceKlass*, methodHandle const&, Handle, bool, objArrayHandle, BasicType, objArrayHandle, bool, Thread*)+0x8ee
V  [libjvm.dylib+0x89d2c4]  Reflection::invoke_method(oopDesc*, Handle, objArrayHandle, Thread*)+0x244
V  [libjvm.dylib+0x55c009]  JVM_InvokeMethod+0x329
j  jdk.internal.reflect.NativeMethodAccessorImpl.invoke0(Ljava/lang/reflect/Method;Ljava/lang/Object;[Ljava/lang/Object;)Ljava/lang/Object;+0 java.base@15.0.2
j  jdk.internal.reflect.NativeMethodAccessorImpl.invoke(Ljava/lang/Object;[Ljava/lang/Object;)Ljava/lang/Object;+113 java.base@15.0.2
j  jdk.internal.reflect.DelegatingMethodAccessorImpl.invoke(Ljava/lang/Object;[Ljava/lang/Object;)Ljava/lang/Object;+6 java.base@15.0.2
j  java.lang.reflect.Method.invoke(Ljava/lang/Object;[Ljava/lang/Object;)Ljava/lang/Object;+59 java.base@15.0.2
j  sun.launcher.LauncherHelper$FXHelper.main([Ljava/lang/String;)V+52 java.base@15.0.2
v  ~StubRoutines::call_stub
V  [libjvm.dylib+0x4adf62]  JavaCalls::call_helper(JavaValue*, methodHandle const&, JavaCallArguments*, Thread*)+0x2e2
V  [libjvm.dylib+0x50e5f9]  jni_invoke_static(JNIEnv_*, JavaValue*, _jobject*, JNICallType, _jmethodID*, JNI_ArgumentPusher*, Thread*)+0x1f9
V  [libjvm.dylib+0x511b8a]  jni_CallStaticVoidMethod+0x18a
C  [libjli.dylib+0x4f3d]  JavaMain+0xc1d
C  [libjli.dylib+0x7659]  ThreadJavaMain+0x9
C  [libsystem_pthread.dylib+0x6950]  _pthread_start+0xe0
C  [libsystem_pthread.dylib+0x247b]  thread_start+0xf

Java frames: (J=compiled Java code, j=interpreted, Vv=VM code)
j  java.io.InputStream.readNBytes(I)[B+194 java.base@15.0.2
j  java.io.InputStream.readAllBytes()[B+3 java.base@15.0.2
j  java.lang.module.ModuleReader.read(Ljava/lang/String;)Ljava/util/Optional;+24 java.base@15.0.2
j  jdk.internal.loader.BuiltinClassLoader.defineClass(Ljava/lang/String;Ljdk/internal/loader/BuiltinClassLoader$LoadedModule;)Ljava/lang/Class;+79 java.base@15.0.2
J 682 c1 jdk.internal.loader.BuiltinClassLoader.loadClassOrNull(Ljava/lang/String;Z)Ljava/lang/Class; java.base@15.0.2 (143 bytes) @ 0x0000000117df5da4 [0x0000000117df57c0+0x00000000000005e4]
J 687 c1 jdk.internal.loader.ClassLoaders$AppClassLoader.loadClass(Ljava/lang/String;Z)Ljava/lang/Class; java.base@15.0.2 (40 bytes) @ 0x0000000117df9c14 [0x0000000117df95e0+0x0000000000000634]
J 686 c1 java.lang.ClassLoader.loadClass(Ljava/lang/String;)Ljava/lang/Class; java.base@15.0.2 (7 bytes) @ 0x0000000117df88ac [0x0000000117df87a0+0x000000000000010c]
v  ~StubRoutines::call_stub
j  java.lang.ClassLoader.defineClass1(Ljava/lang/ClassLoader;Ljava/lang/String;[BIILjava/security/ProtectionDomain;Ljava/lang/String;)Ljava/lang/Class;+0 java.base@15.0.2
j  java.lang.ClassLoader.defineClass(Ljava/lang/String;[BIILjava/security/ProtectionDomain;)Ljava/lang/Class;+27 java.base@15.0.2
j  java.lang.ClassLoader.defineClass(Ljava/lang/String;Ljava/nio/ByteBuffer;Ljava/security/ProtectionDomain;)Ljava/lang/Class;+38 java.base@15.0.2
J 754 c1 java.security.SecureClassLoader.defineClass(Ljava/lang/String;Ljava/nio/ByteBuffer;Ljava/security/CodeSource;)Ljava/lang/Class; java.base@15.0.2 (12 bytes) @ 0x0000000117e1aefc [0x0000000117e1ae40+0x00000000000000bc]
j  jdk.internal.loader.BuiltinClassLoader.defineClass(Ljava/lang/String;Ljdk/internal/loader/BuiltinClassLoader$LoadedModule;)Ljava/lang/Class;+127 java.base@15.0.2
J 682 c1 jdk.internal.loader.BuiltinClassLoader.loadClassOrNull(Ljava/lang/String;Z)Ljava/lang/Class; java.base@15.0.2 (143 bytes) @ 0x0000000117df5da4 [0x0000000117df57c0+0x00000000000005e4]
J 687 c1 jdk.internal.loader.ClassLoaders$AppClassLoader.loadClass(Ljava/lang/String;Z)Ljava/lang/Class; java.base@15.0.2 (40 bytes) @ 0x0000000117df9c14 [0x0000000117df95e0+0x0000000000000634]
J 686 c1 java.lang.ClassLoader.loadClass(Ljava/lang/String;)Ljava/lang/Class; java.base@15.0.2 (7 bytes) @ 0x0000000117df88ac [0x0000000117df87a0+0x000000000000010c]
v  ~StubRoutines::call_stub
j  java.lang.Class.getDeclaredMethods0(Z)[Ljava/lang/reflect/Method;+0 java.base@15.0.2
j  java.lang.Class.privateGetDeclaredMethods(Z)[Ljava/lang/reflect/Method;+34 java.base@15.0.2
j  java.lang.Class.getMethodsRecursive(Ljava/lang/String;[Ljava/lang/Class;Z)Ljava/lang/PublicMethods$MethodList;+2 java.base@15.0.2
j  java.lang.Class.getMethod0(Ljava/lang/String;[Ljava/lang/Class;)Ljava/lang/reflect/Method;+14 java.base@15.0.2
j  java.lang.Class.getMethod(Ljava/lang/String;[Ljava/lang/Class;)Ljava/lang/reflect/Method;+26 java.base@15.0.2
j  com.sun.javafx.application.LauncherImpl.launchApplicationWithArgs(Lcom/sun/javafx/application/ModuleAccess;Ljava/lang/String;Ljava/lang/String;[Ljava/lang/String;)V+110 javafx.graphics
j  com.sun.javafx.application.LauncherImpl.launchApplication(Ljava/lang/String;Ljava/lang/String;[Ljava/lang/String;)V+483 javafx.graphics
v  ~StubRoutines::call_stub
j  jdk.internal.reflect.NativeMethodAccessorImpl.invoke0(Ljava/lang/reflect/Method;Ljava/lang/Object;[Ljava/lang/Object;)Ljava/lang/Object;+0 java.base@15.0.2
j  jdk.internal.reflect.NativeMethodAccessorImpl.invoke(Ljava/lang/Object;[Ljava/lang/Object;)Ljava/lang/Object;+113 java.base@15.0.2
j  jdk.internal.reflect.DelegatingMethodAccessorImpl.invoke(Ljava/lang/Object;[Ljava/lang/Object;)Ljava/lang/Object;+6 java.base@15.0.2
j  java.lang.reflect.Method.invoke(Ljava/lang/Object;[Ljava/lang/Object;)Ljava/lang/Object;+59 java.base@15.0.2
j  sun.launcher.LauncherHelper$FXHelper.main([Ljava/lang/String;)V+52 java.base@15.0.2
v  ~StubRoutines::call_stub

siginfo: si_signo: 11 (SIGSEGV), si_code: 2 (SEGV_ACCERR), si_addr: 0x000000012fc46960

Register to memory mapping:

RAX=0x000000010d7a0fa0: _ZNK12MemAllocator6finishEPP12HeapWordImpl+0 in /Library/Java/JavaVirtualMachines/jdk-15.0.2.jdk/Contents/Home/lib/server/libjvm.dylib at 0x000000010d000000
RBX=0x0000000305bace88 is pointing into the stack for thread: 0x00007f8b54813c00
RCX=0x0 is NULL
RDX=0xfffffffffffffff8 is an unknown value
RSP=0x0000000305bace28 is pointing into the stack for thread: 0x00007f8b54813c00
RBP=0x0000000305bace70 is pointing into the stack for thread: 0x00007f8b54813c00
RSI=0x00000007873bf808 points into unknown readable memory: 0x0000000000000000 | 00 00 00 00 00 00 00 00
RDI=0x0000000305bace88 is pointing into the stack for thread: 0x00007f8b54813c00
R8 =0x0000000000000001 is an unknown value
R9 =0x00007f8b54813c00 is a thread
R10=0x000000010dc349c0: _ZN19TemplateInterpreter13_active_tableE+0x2000 in /Library/Java/JavaVirtualMachines/jdk-15.0.2.jdk/Contents/Home/lib/server/libjvm.dylib at 0x000000010d000000
R11=0x0000000117db3e80 is at entry_point+32 in (nmethod*)0x0000000117db3c90
R12=0x0000000000000001 is an unknown value
R13=0x00000008005e64f2 is pointing into metadata
R14=0x0000000000004560 is an unknown value
R15=0x0000000800004480 is a pointer to class: 


Registers:
RAX=0x000000010d7a0fa0, RBX=0x0000000305bace88, RCX=0x0000000000000000, RDX=0xfffffffffffffff8
RSP=0x0000000305bace28, RBP=0x0000000305bace70, RSI=0x00000007873bf808, RDI=0x0000000305bace88
R8 =0x0000000000000001, R9 =0x00007f8b54813c00, R10=0x000000010dc349c0, R11=0x0000000117db3e80
R12=0x0000000000000001, R13=0x00000008005e64f2, R14=0x0000000000004560, R15=0x0000000800004480
RIP=0x000000010d7a111e, EFLAGS=0x0000000000000202, ERR=0x0000000000000004
  TRAPNO=0x000000000000000e

Top of Stack: (sp=0x0000000305bace28)
0x0000000305bace28:   000000010d7a0f34 0000000305bace88
0x0000000305bace38:   00007f8b54813c00 0000000305bace60
0x0000000305bace48:   0000000700000000 0000000000000000
0x0000000305bace58:   0000000117db3f00 0000000000000000
0x0000000305bace68:   00007f8b54813c00 0000000305baceb0
0x0000000305bace78:   000000010d2bec36 0000000800078650
0x0000000305bace88:   000000010dba0348 00007f8b54813c00
0x0000000305bace98:   0000000800004480 00000000000008ae
0x0000000305bacea8:   0000000100004560 0000000305bacee0
0x0000000305baceb8:   000000010d9c33f3 00000000000000bc
0x0000000305bacec8:   0000000000000000 00007f8b54813c00
0x0000000305baced8:   00007f8b54813c00 0000000305bacf00
0x0000000305bacee8:   000000010d4a3041 00000000000000bc
0x0000000305bacef8:   0000000305bacfc0 0000000305bacf60
0x0000000305bacf08:   000000011779a116 000000011779a0d1
0x0000000305bacf18:   0000000305bacf18 00000008005e64f2
0x0000000305bacf28:   0000000305bacfc0 00000008003e2308
0x0000000305bacf38:   0000000000000000 00000007bfe09bb8
0x0000000305bacf48:   00000008000659a8 0000000000000000
0x0000000305bacf58:   0000000305bacfb8 0000000305bad010
0x0000000305bacf68:   0000000117785c40 0000000000000000
0x0000000305bacf78:   0000000000000000 0000000000000560
0x0000000305bacf88:   00000007873bd7f8 00000000ffffffff
0x0000000305bacf98:   000000007fffba9f 0000000000004560
0x0000000305bacfa8:   00000007873b9758 00000007873bd7a8
0x0000000305bacfb8:   000000007fffffff 00000007873b4f00
0x0000000305bacfc8:   0000000305bacfc8 00000008005e63db
0x0000000305bacfd8:   0000000305bad020 00000008003e2308
0x0000000305bacfe8:   0000000000000000 00000007bfe09bb8
0x0000000305bacff8:   0000000800065950 0000000305bacfb8
0x0000000305bad008:   0000000305bad020 0000000305bad070
0x0000000305bad018:   0000000117785c40 00000007873b4f00 

Instructions: (pc=0x000000010d7a111e)
0x000000010d7a101e:   8d 05 15 80 47 00 80 38 00 74 08 41 c7 46 0c 00
0x000000010d7a102e:   00 00 00 48 8b 43 18 48 83 f8 02 74 11 49 8d 7e
0x000000010d7a103e:   10 48 8d 34 c5 f0 ff ff ff e8 c4 b7 2c 00 48 8b
0x000000010d7a104e:   03 48 8b 00 48 89 df 4c 89 f6 5b 41 5e 5d ff e0
0x000000010d7a105e:   66 90 55 48 89 e5 80 7f 24 00 74 09 48 8b 57 18
0x000000010d7a106e:   48 89 f0 5d c3 48 8d 05 bf 7f 47 00 31 c9 80 38
0x000000010d7a107e:   00 0f 94 c1 48 8d 74 ce 10 48 83 c9 02 48 8b 57
0x000000010d7a108e:   18 48 29 ca 48 89 f0 5d c3 66 0f 1f 84 00 00 00
0x000000010d7a109e:   00 00 55 48 89 e5 48 8b 57 18 48 89 f0 5d c3 0f
0x000000010d7a10ae:   1f 00 55 48 89 e5 41 57 41 56 53 50 49 89 f6 48
0x000000010d7a10be:   89 fb 80 7b 24 00 48 8d 05 6e 7f 47 00 44 8a 38
0x000000010d7a10ce:   74 28 45 84 ff 74 08 41 c7 46 0c 00 00 00 00 48
0x000000010d7a10de:   8b 43 18 48 83 f8 02 74 11 49 8d 7e 10 48 8d 34
0x000000010d7a10ee:   c5 f0 ff ff ff e8 18 b7 2c 00 8b 43 20 31 c9 45
0x000000010d7a10fe:   84 ff 0f 94 c1 41 89 44 8e 0c 48 8b 03 48 8b 00
0x000000010d7a110e:   48 89 df 4c 89 f6 48 83 c4 08 5b 41 5e 41 5f 5d
0x000000010d7a111e:   ff e0 55 48 89 e5 41 56 53 49 89 f6 48 89 fb 48
0x000000010d7a112e:   8d 05 05 7f 47 00 80 38 00 74 08 41 c7 46 0c 00
0x000000010d7a113e:   00 00 00 48 8b 43 18 be 02 00 00 00 48 83 f8 02
0x000000010d7a114e:   74 14 49 8d 7e 10 48 8d 34 c5 f0 ff ff ff e8 af
0x000000010d7a115e:   b6 2c 00 8b 73 18 4c 89 f7 e8 14 19 d1 ff 48 8b
0x000000010d7a116e:   03 48 8b 00 48 89 df 4c 89 f6 5b 41 5e 5d ff e0
0x000000010d7a117e:   66 90 55 48 89 e5 48 81 ec d0 00 00 00 49 89 fa
0x000000010d7a118e:   84 c0 74 26 0f 29 85 60 ff ff ff 0f 29 8d 70 ff
0x000000010d7a119e:   ff ff 0f 29 55 80 0f 29 5d 90 0f 29 65 a0 0f 29
0x000000010d7a11ae:   6d b0 0f 29 75 c0 0f 29 7d d0 4c 89 8d 58 ff ff
0x000000010d7a11be:   ff 4c 89 85 50 ff ff ff 48 89 8d 48 ff ff ff 48
0x000000010d7a11ce:   89 95 40 ff ff ff 48 89 b5 38 ff ff ff 48 8b 05
0x000000010d7a11de:   9e df 36 00 48 8b 00 48 89 45 f8 48 8d 85 30 ff
0x000000010d7a11ee:   ff ff 48 89 45 f0 48 8d 45 10 48 89 45 e8 48 b8
0x000000010d7a11fe:   08 00 00 00 30 00 00 00 48 89 45 e0 48 8d 3d e7
0x000000010d7a120e:   2e 41 00 48 8d 4d e0 be 01 00 00 00 4c 89 d2 e8 


Stack slot to memory mapping:
stack at sp + 0 slots: 0x000000010d7a0f34: _ZNK12MemAllocator8allocateEv+0xd4 in /Library/Java/JavaVirtualMachines/jdk-15.0.2.jdk/Contents/Home/lib/server/libjvm.dylib at 0x000000010d000000
stack at sp + 1 slots: 0x0000000305bace88 is pointing into the stack for thread: 0x00007f8b54813c00
stack at sp + 2 slots: 0x00007f8b54813c00 is a thread
stack at sp + 3 slots: 0x0000000305bace60 is pointing into the stack for thread: 0x00007f8b54813c00
stack at sp + 4 slots: 0x0000000700000000 is an unknown value
stack at sp + 5 slots: 0x0 is NULL
stack at sp + 6 slots: 0x0000000117db3f00 is at entry_point+160 in (nmethod*)0x0000000117db3c90
stack at sp + 7 slots: 0x0 is NULL


---------------  P R O C E S S  ---------------

Threads class SMR info:
_java_thread_list=0x00007f8b5476f600, length=15, elements={
0x00007f8b54813c00, 0x00007f8b54869e00, 0x00007f8b5580a600, 0x00007f8b5700f000,
0x00007f8b57031000, 0x00007f8b57031600, 0x00007f8b56808800, 0x00007f8b3581fc00,
0x00007f8b57034400, 0x00007f8b5580ee00, 0x00007f8b558eee00, 0x00007f8b558fa200,
0x00007f8b55882800, 0x00007f8b5486dc00, 0x00007f8b570eae00
}

Java Threads: ( => current thread )
=>0x00007f8b54813c00 JavaThread "main" [_thread_in_vm, id=7683, stack(0x0000000305ab0000,0x0000000305bb0000)]
  0x00007f8b54869e00 JavaThread "Reference Handler" daemon [_thread_blocked, id=15619, stack(0x00000003061c5000,0x00000003062c5000)]
  0x00007f8b5580a600 JavaThread "Finalizer" daemon [_thread_blocked, id=43011, stack(0x00000003062c8000,0x00000003063c8000)]
  0x00007f8b5700f000 JavaThread "Signal Dispatcher" daemon [_thread_blocked, id=40963, stack(0x00000003064db000,0x00000003065db000)]
  0x00007f8b57031000 JavaThread "Service Thread" daemon [_thread_blocked, id=25603, stack(0x00000003065de000,0x00000003066de000)]
  0x00007f8b57031600 JavaThread "C2 CompilerThread0" daemon [_thread_blocked, id=26115, stack(0x00000003066e1000,0x00000003067e1000)]
  0x00007f8b56808800 JavaThread "C1 CompilerThread0" daemon [_thread_blocked, id=26627, stack(0x00000003067e4000,0x00000003068e4000)]
  0x00007f8b3581fc00 JavaThread "Sweeper thread" daemon [_thread_blocked, id=27395, stack(0x00000003068e7000,0x00000003069e7000)]
  0x00007f8b57034400 JavaThread "Common-Cleaner" daemon [_thread_blocked, id=28419, stack(0x00000003069ea000,0x0000000306aea000)]
  0x00007f8b5580ee00 JavaThread "Monitor Ctrl-Break" daemon [_thread_in_native, id=37379, stack(0x0000000306aed000,0x0000000306bed000)]
  0x00007f8b558eee00 JavaThread "Notification Thread" daemon [_thread_blocked, id=36611, stack(0x0000000306bf0000,0x0000000306cf0000)]
  0x00007f8b558fa200 JavaThread "QuantumRenderer-0" daemon [_thread_blocked, id=35331, stack(0x0000000306df6000,0x0000000306ef6000)]
  0x00007f8b55882800 JavaThread "InvokeLaterDispatcher" daemon [_thread_blocked, id=46851, stack(0x0000000307117000,0x0000000307217000)]
  0x00007f8b5486dc00 JavaThread "JavaFX Application Thread" [_thread_in_native, id=515, stack(0x000000030522d000,0x0000000305a2d000)]
  0x00007f8b570eae00 JavaThread "PulseTimer-CVDisplayLink thread" daemon [_thread_in_native, id=53507, stack(0x000000030721a000,0x000000030729a000)]

Other Threads:
  0x00007f8b54530400 VMThread "VM Thread" [stack: 0x00000003060c2000,0x00000003061c2000] [id=15107]
  0x00007f8b5604b810 WatcherThread [stack: 0x0000000306cf3000,0x0000000306df3000] [id=35843]
  0x00007f8b544101a0 GCTaskThread "GC Thread#0" [stack: 0x0000000305bb3000,0x0000000305cb3000] [id=18691]
  0x00007f8b54411370 ConcurrentGCThread "G1 Main Marker" [stack: 0x0000000305cb6000,0x0000000305db6000] [id=18179]
  0x00007f8b546055c0 ConcurrentGCThread "G1 Conc#0" [stack: 0x0000000305db9000,0x0000000305eb9000] [id=14339]
  0x00007f8b54709a20 ConcurrentGCThread "G1 Refine#0" [stack: 0x0000000305ebc000,0x0000000305fbc000] [id=16899]
  0x00007f8b5470a900 ConcurrentGCThread "G1 Young RemSet Sampling" [stack: 0x0000000305fbf000,0x00000003060bf000] [id=14851]

Threads with active compile tasks:

VM state: not at safepoint (normal execution)

VM Mutex/Monitor currently owned by a thread: None

Heap address: 0x0000000780000000, size: 2048 MB, Compressed Oops mode: Zero based, Oop shift amount: 3
CDS archive(s) mapped at: [0x0000000800000000-0x0000000800b2d000-0x0000000800b2d000), size 11718656, SharedBaseAddress: 0x0000000800000000, ArchiveRelocationMode: 0.
Compressed class space mapped at: 0x0000000800b30000-0x0000000840b30000, size: 1073741824
Narrow klass base: 0x0000000800000000, Narrow klass shift: 3, Narrow klass range: 0x100000000

GC Precious Log:
 CPUs: 8 total, 8 available
 Memory: 8192M
 Large Page Support: Disabled
 NUMA Support: Disabled
 Compressed Oops: Enabled (Zero based)
 Heap Region Size: 1M
 Heap Min Capacity: 8M
 Heap Initial Capacity: 128M
 Heap Max Capacity: 2G
 Pre-touch: Disabled
 Parallel Workers: 8
 Concurrent Workers: 2
 Concurrent Refinement Workers: 8
 Periodic GC: Disabled

Heap:
 garbage-first heap   total 133120K, used 16168K [0x0000000780000000, 0x0000000800000000)
  region size 1024K, 17 young (17408K), 0 survivors (0K)
 Metaspace       used 4038K, capacity 6810K, committed 6912K, reserved 1056768K
  class space    used 432K, capacity 689K, committed 768K, reserved 1048576K

Heap Regions: E=young(eden), S=young(survivor), O=old, HS=humongous(starts), HC=humongous(continues), CS=collection set, F=free, OA=open archive, CA=closed archive, TAMS=top-at-mark-start (previous, next)
|   0|0x0000000780000000, 0x0000000780000000, 0x0000000780100000|  0%| F|  |TAMS 0x0000000780000000, 0x0000000780000000| Untracked 
|   1|0x0000000780100000, 0x0000000780100000, 0x0000000780200000|  0%| F|  |TAMS 0x0000000780100000, 0x0000000780100000| Untracked 
|   2|0x0000000780200000, 0x0000000780200000, 0x0000000780300000|  0%| F|  |TAMS 0x0000000780200000, 0x0000000780200000| Untracked 
|   3|0x0000000780300000, 0x0000000780300000, 0x0000000780400000|  0%| F|  |TAMS 0x0000000780300000, 0x0000000780300000| Untracked 
|   4|0x0000000780400000, 0x0000000780400000, 0x0000000780500000|  0%| F|  |TAMS 0x0000000780400000, 0x0000000780400000| Untracked 
|   5|0x0000000780500000, 0x0000000780500000, 0x0000000780600000|  0%| F|  |TAMS 0x0000000780500000, 0x0000000780500000| Untracked 
|   6|0x0000000780600000, 0x0000000780600000, 0x0000000780700000|  0%| F|  |TAMS 0x0000000780600000, 0x0000000780600000| Untracked 
|   7|0x0000000780700000, 0x0000000780700000, 0x0000000780800000|  0%| F|  |TAMS 0x0000000780700000, 0x0000000780700000| Untracked 
|   8|0x0000000780800000, 0x0000000780800000, 0x0000000780900000|  0%| F|  |TAMS 0x0000000780800000, 0x0000000780800000| Untracked 
|   9|0x0000000780900000, 0x0000000780900000, 0x0000000780a00000|  0%| F|  |TAMS 0x0000000780900000, 0x0000000780900000| Untracked 
|  10|0x0000000780a00000, 0x0000000780a00000, 0x0000000780b00000|  0%| F|  |TAMS 0x0000000780a00000, 0x0000000780a00000| Untracked 
|  11|0x0000000780b00000, 0x0000000780b00000, 0x0000000780c00000|  0%| F|  |TAMS 0x0000000780b00000, 0x0000000780b00000| Untracked 
|  12|0x0000000780c00000, 0x0000000780c00000, 0x0000000780d00000|  0%| F|  |TAMS 0x0000000780c00000, 0x0000000780c00000| Untracked 
|  13|0x0000000780d00000, 0x0000000780d00000, 0x0000000780e00000|  0%| F|  |TAMS 0x0000000780d00000, 0x0000000780d00000| Untracked 
|  14|0x0000000780e00000, 0x0000000780e00000, 0x0000000780f00000|  0%| F|  |TAMS 0x0000000780e00000, 0x0000000780e00000| Untracked 
|  15|0x0000000780f00000, 0x0000000780f00000, 0x0000000781000000|  0%| F|  |TAMS 0x0000000780f00000, 0x0000000780f00000| Untracked 
|  16|0x0000000781000000, 0x0000000781000000, 0x0000000781100000|  0%| F|  |TAMS 0x0000000781000000, 0x0000000781000000| Untracked 
|  17|0x0000000781100000, 0x0000000781100000, 0x0000000781200000|  0%| F|  |TAMS 0x0000000781100000, 0x0000000781100000| Untracked 
|  18|0x0000000781200000, 0x0000000781200000, 0x0000000781300000|  0%| F|  |TAMS 0x0000000781200000, 0x0000000781200000| Untracked 
|  19|0x0000000781300000, 0x0000000781300000, 0x0000000781400000|  0%| F|  |TAMS 0x0000000781300000, 0x0000000781300000| Untracked 
|  20|0x0000000781400000, 0x0000000781400000, 0x0000000781500000|  0%| F|  |TAMS 0x0000000781400000, 0x0000000781400000| Untracked 
|  21|0x0000000781500000, 0x0000000781500000, 0x0000000781600000|  0%| F|  |TAMS 0x0000000781500000, 0x0000000781500000| Untracked 
|  22|0x0000000781600000, 0x0000000781600000, 0x0000000781700000|  0%| F|  |TAMS 0x0000000781600000, 0x0000000781600000| Untracked 
|  23|0x0000000781700000, 0x0000000781700000, 0x0000000781800000|  0%| F|  |TAMS 0x0000000781700000, 0x0000000781700000| Untracked 
|  24|0x0000000781800000, 0x0000000781800000, 0x0000000781900000|  0%| F|  |TAMS 0x0000000781800000, 0x0000000781800000| Untracked 
|  25|0x0000000781900000, 0x0000000781900000, 0x0000000781a00000|  0%| F|  |TAMS 0x0000000781900000, 0x0000000781900000| Untracked 
|  26|0x0000000781a00000, 0x0000000781a00000, 0x0000000781b00000|  0%| F|  |TAMS 0x0000000781a00000, 0x0000000781a00000| Untracked 
|  27|0x0000000781b00000, 0x0000000781b00000, 0x0000000781c00000|  0%| F|  |TAMS 0x0000000781b00000, 0x0000000781b00000| Untracked 
|  28|0x0000000781c00000, 0x0000000781c00000, 0x0000000781d00000|  0%| F|  |TAMS 0x0000000781c00000, 0x0000000781c00000| Untracked 
|  29|0x0000000781d00000, 0x0000000781d00000, 0x0000000781e00000|  0%| F|  |TAMS 0x0000000781d00000, 0x0000000781d00000| Untracked 
|  30|0x0000000781e00000, 0x0000000781e00000, 0x0000000781f00000|  0%| F|  |TAMS 0x0000000781e00000, 0x0000000781e00000| Untracked 
|  31|0x0000000781f00000, 0x0000000781f00000, 0x0000000782000000|  0%| F|  |TAMS 0x0000000781f00000, 0x0000000781f00000| Untracked 
|  32|0x0000000782000000, 0x0000000782000000, 0x0000000782100000|  0%| F|  |TAMS 0x0000000782000000, 0x0000000782000000| Untracked 
|  33|0x0000000782100000, 0x0000000782100000, 0x0000000782200000|  0%| F|  |TAMS 0x0000000782100000, 0x0000000782100000| Untracked 
|  34|0x0000000782200000, 0x0000000782200000, 0x0000000782300000|  0%| F|  |TAMS 0x0000000782200000, 0x0000000782200000| Untracked 
|  35|0x0000000782300000, 0x0000000782300000, 0x0000000782400000|  0%| F|  |TAMS 0x0000000782300000, 0x0000000782300000| Untracked 
|  36|0x0000000782400000, 0x0000000782400000, 0x0000000782500000|  0%| F|  |TAMS 0x0000000782400000, 0x0000000782400000| Untracked 
|  37|0x0000000782500000, 0x0000000782500000, 0x0000000782600000|  0%| F|  |TAMS 0x0000000782500000, 0x0000000782500000| Untracked 
|  38|0x0000000782600000, 0x0000000782600000, 0x0000000782700000|  0%| F|  |TAMS 0x0000000782600000, 0x0000000782600000| Untracked 
|  39|0x0000000782700000, 0x0000000782700000, 0x0000000782800000|  0%| F|  |TAMS 0x0000000782700000, 0x0000000782700000| Untracked 
|  40|0x0000000782800000, 0x0000000782800000, 0x0000000782900000|  0%| F|  |TAMS 0x0000000782800000, 0x0000000782800000| Untracked 
|  41|0x0000000782900000, 0x0000000782900000, 0x0000000782a00000|  0%| F|  |TAMS 0x0000000782900000, 0x0000000782900000| Untracked 
|  42|0x0000000782a00000, 0x0000000782a00000, 0x0000000782b00000|  0%| F|  |TAMS 0x0000000782a00000, 0x0000000782a00000| Untracked 
|  43|0x0000000782b00000, 0x0000000782b00000, 0x0000000782c00000|  0%| F|  |TAMS 0x0000000782b00000, 0x0000000782b00000| Untracked 
|  44|0x0000000782c00000, 0x0000000782c00000, 0x0000000782d00000|  0%| F|  |TAMS 0x0000000782c00000, 0x0000000782c00000| Untracked 
|  45|0x0000000782d00000, 0x0000000782d00000, 0x0000000782e00000|  0%| F|  |TAMS 0x0000000782d00000, 0x0000000782d00000| Untracked 
|  46|0x0000000782e00000, 0x0000000782e00000, 0x0000000782f00000|  0%| F|  |TAMS 0x0000000782e00000, 0x0000000782e00000| Untracked 
|  47|0x0000000782f00000, 0x0000000782f00000, 0x0000000783000000|  0%| F|  |TAMS 0x0000000782f00000, 0x0000000782f00000| Untracked 
|  48|0x0000000783000000, 0x0000000783000000, 0x0000000783100000|  0%| F|  |TAMS 0x0000000783000000, 0x0000000783000000| Untracked 
|  49|0x0000000783100000, 0x0000000783100000, 0x0000000783200000|  0%| F|  |TAMS 0x0000000783100000, 0x0000000783100000| Untracked 
|  50|0x0000000783200000, 0x0000000783200000, 0x0000000783300000|  0%| F|  |TAMS 0x0000000783200000, 0x0000000783200000| Untracked 
|  51|0x0000000783300000, 0x0000000783300000, 0x0000000783400000|  0%| F|  |TAMS 0x0000000783300000, 0x0000000783300000| Untracked 
|  52|0x0000000783400000, 0x0000000783400000, 0x0000000783500000|  0%| F|  |TAMS 0x0000000783400000, 0x0000000783400000| Untracked 
|  53|0x0000000783500000, 0x0000000783500000, 0x0000000783600000|  0%| F|  |TAMS 0x0000000783500000, 0x0000000783500000| Untracked 
|  54|0x0000000783600000, 0x0000000783600000, 0x0000000783700000|  0%| F|  |TAMS 0x0000000783600000, 0x0000000783600000| Untracked 
|  55|0x0000000783700000, 0x0000000783700000, 0x0000000783800000|  0%| F|  |TAMS 0x0000000783700000, 0x0000000783700000| Untracked 
|  56|0x0000000783800000, 0x0000000783800000, 0x0000000783900000|  0%| F|  |TAMS 0x0000000783800000, 0x0000000783800000| Untracked 
|  57|0x0000000783900000, 0x0000000783900000, 0x0000000783a00000|  0%| F|  |TAMS 0x0000000783900000, 0x0000000783900000| Untracked 
|  58|0x0000000783a00000, 0x0000000783a00000, 0x0000000783b00000|  0%| F|  |TAMS 0x0000000783a00000, 0x0000000783a00000| Untracked 
|  59|0x0000000783b00000, 0x0000000783b00000, 0x0000000783c00000|  0%| F|  |TAMS 0x0000000783b00000, 0x0000000783b00000| Untracked 
|  60|0x0000000783c00000, 0x0000000783c00000, 0x0000000783d00000|  0%| F|  |TAMS 0x0000000783c00000, 0x0000000783c00000| Untracked 
|  61|0x0000000783d00000, 0x0000000783d00000, 0x0000000783e00000|  0%| F|  |TAMS 0x0000000783d00000, 0x0000000783d00000| Untracked 
|  62|0x0000000783e00000, 0x0000000783e00000, 0x0000000783f00000|  0%| F|  |TAMS 0x0000000783e00000, 0x0000000783e00000| Untracked 
|  63|0x0000000783f00000, 0x0000000783f00000, 0x0000000784000000|  0%| F|  |TAMS 0x0000000783f00000, 0x0000000783f00000| Untracked 
|  64|0x0000000784000000, 0x0000000784000000, 0x0000000784100000|  0%| F|  |TAMS 0x0000000784000000, 0x0000000784000000| Untracked 
|  65|0x0000000784100000, 0x0000000784100000, 0x0000000784200000|  0%| F|  |TAMS 0x0000000784100000, 0x0000000784100000| Untracked 
|  66|0x0000000784200000, 0x0000000784200000, 0x0000000784300000|  0%| F|  |TAMS 0x0000000784200000, 0x0000000784200000| Untracked 
|  67|0x0000000784300000, 0x0000000784300000, 0x0000000784400000|  0%| F|  |TAMS 0x0000000784300000, 0x0000000784300000| Untracked 
|  68|0x0000000784400000, 0x0000000784400000, 0x0000000784500000|  0%| F|  |TAMS 0x0000000784400000, 0x0000000784400000| Untracked 
|  69|0x0000000784500000, 0x0000000784500000, 0x0000000784600000|  0%| F|  |TAMS 0x0000000784500000, 0x0000000784500000| Untracked 
|  70|0x0000000784600000, 0x0000000784600000, 0x0000000784700000|  0%| F|  |TAMS 0x0000000784600000, 0x0000000784600000| Untracked 
|  71|0x0000000784700000, 0x0000000784700000, 0x0000000784800000|  0%| F|  |TAMS 0x0000000784700000, 0x0000000784700000| Untracked 
|  72|0x0000000784800000, 0x0000000784800000, 0x0000000784900000|  0%| F|  |TAMS 0x0000000784800000, 0x0000000784800000| Untracked 
|  73|0x0000000784900000, 0x0000000784900000, 0x0000000784a00000|  0%| F|  |TAMS 0x0000000784900000, 0x0000000784900000| Untracked 
|  74|0x0000000784a00000, 0x0000000784a00000, 0x0000000784b00000|  0%| F|  |TAMS 0x0000000784a00000, 0x0000000784a00000| Untracked 
|  75|0x0000000784b00000, 0x0000000784b00000, 0x0000000784c00000|  0%| F|  |TAMS 0x0000000784b00000, 0x0000000784b00000| Untracked 
|  76|0x0000000784c00000, 0x0000000784c00000, 0x0000000784d00000|  0%| F|  |TAMS 0x0000000784c00000, 0x0000000784c00000| Untracked 
|  77|0x0000000784d00000, 0x0000000784d00000, 0x0000000784e00000|  0%| F|  |TAMS 0x0000000784d00000, 0x0000000784d00000| Untracked 
|  78|0x0000000784e00000, 0x0000000784e00000, 0x0000000784f00000|  0%| F|  |TAMS 0x0000000784e00000, 0x0000000784e00000| Untracked 
|  79|0x0000000784f00000, 0x0000000784f00000, 0x0000000785000000|  0%| F|  |TAMS 0x0000000784f00000, 0x0000000784f00000| Untracked 
|  80|0x0000000785000000, 0x0000000785000000, 0x0000000785100000|  0%| F|  |TAMS 0x0000000785000000, 0x0000000785000000| Untracked 
|  81|0x0000000785100000, 0x0000000785100000, 0x0000000785200000|  0%| F|  |TAMS 0x0000000785100000, 0x0000000785100000| Untracked 
|  82|0x0000000785200000, 0x0000000785200000, 0x0000000785300000|  0%| F|  |TAMS 0x0000000785200000, 0x0000000785200000| Untracked 
|  83|0x0000000785300000, 0x0000000785300000, 0x0000000785400000|  0%| F|  |TAMS 0x0000000785300000, 0x0000000785300000| Untracked 
|  84|0x0000000785400000, 0x0000000785400000, 0x0000000785500000|  0%| F|  |TAMS 0x0000000785400000, 0x0000000785400000| Untracked 
|  85|0x0000000785500000, 0x0000000785500000, 0x0000000785600000|  0%| F|  |TAMS 0x0000000785500000, 0x0000000785500000| Untracked 
|  86|0x0000000785600000, 0x0000000785600000, 0x0000000785700000|  0%| F|  |TAMS 0x0000000785600000, 0x0000000785600000| Untracked 
|  87|0x0000000785700000, 0x0000000785700000, 0x0000000785800000|  0%| F|  |TAMS 0x0000000785700000, 0x0000000785700000| Untracked 
|  88|0x0000000785800000, 0x0000000785800000, 0x0000000785900000|  0%| F|  |TAMS 0x0000000785800000, 0x0000000785800000| Untracked 
|  89|0x0000000785900000, 0x0000000785900000, 0x0000000785a00000|  0%| F|  |TAMS 0x0000000785900000, 0x0000000785900000| Untracked 
|  90|0x0000000785a00000, 0x0000000785a00000, 0x0000000785b00000|  0%| F|  |TAMS 0x0000000785a00000, 0x0000000785a00000| Untracked 
|  91|0x0000000785b00000, 0x0000000785b00000, 0x0000000785c00000|  0%| F|  |TAMS 0x0000000785b00000, 0x0000000785b00000| Untracked 
|  92|0x0000000785c00000, 0x0000000785c00000, 0x0000000785d00000|  0%| F|  |TAMS 0x0000000785c00000, 0x0000000785c00000| Untracked 
|  93|0x0000000785d00000, 0x0000000785d00000, 0x0000000785e00000|  0%| F|  |TAMS 0x0000000785d00000, 0x0000000785d00000| Untracked 
|  94|0x0000000785e00000, 0x0000000785e00000, 0x0000000785f00000|  0%| F|  |TAMS 0x0000000785e00000, 0x0000000785e00000| Untracked 
|  95|0x0000000785f00000, 0x0000000785f00000, 0x0000000786000000|  0%| F|  |TAMS 0x0000000785f00000, 0x0000000785f00000| Untracked 
|  96|0x0000000786000000, 0x0000000786000000, 0x0000000786100000|  0%| F|  |TAMS 0x0000000786000000, 0x0000000786000000| Untracked 
|  97|0x0000000786100000, 0x0000000786100000, 0x0000000786200000|  0%| F|  |TAMS 0x0000000786100000, 0x0000000786100000| Untracked 
|  98|0x0000000786200000, 0x0000000786200000, 0x0000000786300000|  0%| F|  |TAMS 0x0000000786200000, 0x0000000786200000| Untracked 
|  99|0x0000000786300000, 0x0000000786300000, 0x0000000786400000|  0%| F|  |TAMS 0x0000000786300000, 0x0000000786300000| Untracked 
| 100|0x0000000786400000, 0x0000000786400000, 0x0000000786500000|  0%| F|  |TAMS 0x0000000786400000, 0x0000000786400000| Untracked 
| 101|0x0000000786500000, 0x0000000786500000, 0x0000000786600000|  0%| F|  |TAMS 0x0000000786500000, 0x0000000786500000| Untracked 
| 102|0x0000000786600000, 0x0000000786600000, 0x0000000786700000|  0%| F|  |TAMS 0x0000000786600000, 0x0000000786600000| Untracked 
| 103|0x0000000786700000, 0x0000000786700000, 0x0000000786800000|  0%| F|  |TAMS 0x0000000786700000, 0x0000000786700000| Untracked 
| 104|0x0000000786800000, 0x0000000786800000, 0x0000000786900000|  0%| F|  |TAMS 0x0000000786800000, 0x0000000786800000| Untracked 
| 105|0x0000000786900000, 0x0000000786900000, 0x0000000786a00000|  0%| F|  |TAMS 0x0000000786900000, 0x0000000786900000| Untracked 
| 106|0x0000000786a00000, 0x0000000786a00000, 0x0000000786b00000|  0%| F|  |TAMS 0x0000000786a00000, 0x0000000786a00000| Untracked 
| 107|0x0000000786b00000, 0x0000000786b00000, 0x0000000786c00000|  0%| F|  |TAMS 0x0000000786b00000, 0x0000000786b00000| Untracked 
| 108|0x0000000786c00000, 0x0000000786c00000, 0x0000000786d00000|  0%| F|  |TAMS 0x0000000786c00000, 0x0000000786c00000| Untracked 
| 109|0x0000000786d00000, 0x0000000786d00000, 0x0000000786e00000|  0%| F|  |TAMS 0x0000000786d00000, 0x0000000786d00000| Untracked 
| 110|0x0000000786e00000, 0x0000000786e00000, 0x0000000786f00000|  0%| F|  |TAMS 0x0000000786e00000, 0x0000000786e00000| Untracked 
| 111|0x0000000786f00000, 0x0000000786f8ff18, 0x0000000787000000| 56%| E|  |TAMS 0x0000000786f00000, 0x0000000786f00000| Complete 
| 112|0x0000000787000000, 0x0000000787100000, 0x0000000787100000|100%| E|CS|TAMS 0x0000000787000000, 0x0000000787000000| Complete 
| 113|0x0000000787100000, 0x0000000787200000, 0x0000000787200000|100%| E|CS|TAMS 0x0000000787100000, 0x0000000787100000| Complete 
| 114|0x0000000787200000, 0x0000000787300000, 0x0000000787300000|100%| E|CS|TAMS 0x0000000787200000, 0x0000000787200000| Complete 
| 115|0x0000000787300000, 0x0000000787400000, 0x0000000787400000|100%| E|CS|TAMS 0x0000000787300000, 0x0000000787300000| Complete 
| 116|0x0000000787400000, 0x0000000787500000, 0x0000000787500000|100%| E|CS|TAMS 0x0000000787400000, 0x0000000787400000| Complete 
| 117|0x0000000787500000, 0x0000000787600000, 0x0000000787600000|100%| E|CS|TAMS 0x0000000787500000, 0x0000000787500000| Complete 
| 118|0x0000000787600000, 0x0000000787700000, 0x0000000787700000|100%| E|CS|TAMS 0x0000000787600000, 0x0000000787600000| Complete 
| 119|0x0000000787700000, 0x0000000787800000, 0x0000000787800000|100%| E|CS|TAMS 0x0000000787700000, 0x0000000787700000| Complete 
| 120|0x0000000787800000, 0x0000000787900000, 0x0000000787900000|100%| E|CS|TAMS 0x0000000787800000, 0x0000000787800000| Complete 
| 121|0x0000000787900000, 0x0000000787a00000, 0x0000000787a00000|100%| E|  |TAMS 0x0000000787900000, 0x0000000787900000| Complete 
| 122|0x0000000787a00000, 0x0000000787b00000, 0x0000000787b00000|100%| E|CS|TAMS 0x0000000787a00000, 0x0000000787a00000| Complete 
| 123|0x0000000787b00000, 0x0000000787c00000, 0x0000000787c00000|100%| E|CS|TAMS 0x0000000787b00000, 0x0000000787b00000| Complete 
| 124|0x0000000787c00000, 0x0000000787d00000, 0x0000000787d00000|100%| E|CS|TAMS 0x0000000787c00000, 0x0000000787c00000| Complete 
| 125|0x0000000787d00000, 0x0000000787e00000, 0x0000000787e00000|100%| E|CS|TAMS 0x0000000787d00000, 0x0000000787d00000| Complete 
| 126|0x0000000787e00000, 0x0000000787f00000, 0x0000000787f00000|100%| E|CS|TAMS 0x0000000787e00000, 0x0000000787e00000| Complete 
| 127|0x0000000787f00000, 0x0000000788000000, 0x0000000788000000|100%| E|CS|TAMS 0x0000000787f00000, 0x0000000787f00000| Complete 
|1022|0x00000007bfe00000, 0x00000007bfe51000, 0x00000007bff00000| 31%|OA|  |TAMS 0x00000007bfe00000, 0x00000007bfe00000| Untracked 
|1023|0x00000007bff00000, 0x00000007bff79000, 0x00000007c0000000| 47%|CA|  |TAMS 0x00000007bff00000, 0x00000007bff00000| Untracked 

Card table byte_map: [0x0000000126d58000,0x0000000127158000] _byte_map_base: 0x0000000123158000

Marking Bits (Prev, Next): (CMBitMap*) 0x00007f8b55026610, (CMBitMap*) 0x00007f8b55026650
 Prev Bits: [0x0000000127558000, 0x0000000129558000)
 Next Bits: [0x0000000129558000, 0x000000012b558000)

Polling page: 0x0000000100bde000

Metaspace:

Usage:
  Non-class:      5.98 MB capacity,     3.52 MB ( 59%) used,     2.45 MB ( 41%) free+waste,     7.75 KB ( <1%) overhead. 
      Class:    689.00 KB capacity,   432.09 KB ( 63%) used,   253.53 KB ( 37%) free+waste,     3.38 KB ( <1%) overhead. 
       Both:      6.65 MB capacity,     3.94 MB ( 59%) used,     2.70 MB ( 41%) free+waste,    11.12 KB ( <1%) overhead. 

Virtual space:
  Non-class space:        8.00 MB reserved,       6.00 MB ( 75%) committed 
      Class space:        1.00 GB reserved,     768.00 KB ( <1%) committed 
             Both:        1.01 GB reserved,       6.75 MB ( <1%) committed 

Chunk freelists:
   Non-Class:  23.00 KB
       Class:  15.00 KB
        Both:  38.00 KB

MaxMetaspaceSize: 17179869184.00 GB
CompressedClassSpaceSize: 1.00 GB

CodeHeap 'non-profiled nmethods': size=120028Kb used=236Kb max_used=236Kb free=119791Kb
 bounds [0x000000011f245000, 0x000000011f4b5000, 0x000000012677c000]
CodeHeap 'profiled nmethods': size=120028Kb used=1099Kb max_used=1099Kb free=118928Kb
 bounds [0x0000000117d0e000, 0x0000000117f7e000, 0x000000011f245000]
CodeHeap 'non-nmethods': size=5704Kb used=1206Kb max_used=1219Kb free=4498Kb
 bounds [0x000000011777c000, 0x00000001179ec000, 0x0000000117d0e000]
 total_blobs=1252 nmethods=772 adapters=395
 compilation: enabled
              stopped_count=0, restarted_count=0
 full_count=0

Compilation events (20 events):
Event: 0.795 Thread 0x00007f8b57031600  761       4       java.lang.String::startsWith (138 bytes)
Event: 0.795 Thread 0x00007f8b56808800  763       3       java.lang.invoke.DirectMethodHandle::<init> (147 bytes)
Event: 0.797 Thread 0x00007f8b56808800 nmethod 763 0x0000000117e1c990 code [0x0000000117e1cc40, 0x0000000117e1db80]
Event: 0.797 Thread 0x00007f8b56808800  764       3       java.lang.invoke.MethodHandleNatives::refKindHasReceiver (33 bytes)
Event: 0.798 Thread 0x00007f8b56808800 nmethod 764 0x0000000117e1e090 code [0x0000000117e1e220, 0x0000000117e1e370]
Event: 0.799 Thread 0x00007f8b57031600 nmethod 761 0x000000011f27f610 code [0x000000011f27f780, 0x000000011f27f938]
Event: 0.818 Thread 0x00007f8b56808800  765       3       java.lang.Integer::stringSize (47 bytes)
Event: 0.818 Thread 0x00007f8b56808800 nmethod 765 0x0000000117e1e410 code [0x0000000117e1e5a0, 0x0000000117e1e7d0]
Event: 0.818 Thread 0x00007f8b56808800  766       3       java.lang.Integer::getChars (131 bytes)
Event: 0.819 Thread 0x00007f8b56808800 nmethod 766 0x0000000117e1e890 code [0x0000000117e1ea60, 0x0000000117e1ee90]
Event: 0.820 Thread 0x00007f8b56808800  767       3       java.util.ArrayList$Itr::next (66 bytes)
Event: 0.821 Thread 0x00007f8b56808800 nmethod 767 0x0000000117e1f110 code [0x0000000117e1f300, 0x0000000117e1f720]
Event: 0.821 Thread 0x00007f8b56808800  768       3       java.util.ArrayList$Itr::checkForComodification (23 bytes)
Event: 0.821 Thread 0x00007f8b56808800 nmethod 768 0x0000000117e1f910 code [0x0000000117e1fac0, 0x0000000117e1fc80]
Event: 0.821 Thread 0x00007f8b56808800  770       3       jdk.internal.loader.BuiltinClassLoader::findLoadedModule (33 bytes)
Event: 0.823 Thread 0x00007f8b56808800 nmethod 770 0x0000000117e1fd90 code [0x0000000117e1ffa0, 0x0000000117e205b0]
Event: 0.823 Thread 0x00007f8b57031600  771       4       jdk.internal.misc.Unsafe::putReferenceRelease (9 bytes)
Event: 0.823 Thread 0x00007f8b56808800  772       3       java.util.concurrent.ConcurrentHashMap$Node::<init> (20 bytes)
Event: 0.823 Thread 0x00007f8b56808800 nmethod 772 0x0000000117e20810 code [0x0000000117e209a0, 0x0000000117e20bd0]
Event: 0.827 Thread 0x00007f8b57031600 nmethod 771 0x000000011f27ff90 code [0x000000011f280100, 0x000000011f280238]

GC Heap History (0 events):
No events

Deoptimization events (20 events):
Event: 0.359 Thread 0x00007f8b54813c00 DEOPT PACKING pc=0x000000011f258e58 sp=0x0000000305baf510
Event: 0.359 Thread 0x00007f8b54813c00 DEOPT UNPACKING pc=0x00000001177c9e1f sp=0x0000000305baf4e0 mode 2
Event: 0.373 Thread 0x00007f8b54813c00 Uncommon trap: trap_request=0xffffff45 fr.pc=0x000000011f25a78c relative=0x00000000000003ec
Event: 0.373 Thread 0x00007f8b54813c00 Uncommon trap: reason=unstable_if action=reinterpret pc=0x000000011f25a78c method=java.lang.StringLatin1.newString([BII)Ljava/lang/String; @ 1 c2
Event: 0.373 Thread 0x00007f8b54813c00 DEOPT PACKING pc=0x000000011f25a78c sp=0x0000000305baf380
Event: 0.374 Thread 0x00007f8b54813c00 DEOPT UNPACKING pc=0x00000001177c9e1f sp=0x0000000305baf2e0 mode 2
Event: 0.374 Thread 0x00007f8b54813c00 Uncommon trap: trap_request=0xffffffe5 fr.pc=0x000000011f2580d4 relative=0x0000000000000154
Event: 0.374 Thread 0x00007f8b54813c00 Uncommon trap: reason=range_check action=reinterpret pc=0x000000011f2580d4 method=java.lang.StringLatin1.indexOf([BII)I @ 13 c2
Event: 0.374 Thread 0x00007f8b54813c00 DEOPT PACKING pc=0x000000011f2580d4 sp=0x0000000305baf330
Event: 0.374 Thread 0x00007f8b54813c00 DEOPT UNPACKING pc=0x00000001177c9e1f sp=0x0000000305baf2d0 mode 2
Event: 0.391 Thread 0x00007f8b54813c00 Uncommon trap: trap_request=0xfffffff4 fr.pc=0x000000011f25bc90 relative=0x0000000000000190
Event: 0.391 Thread 0x00007f8b54813c00 Uncommon trap: reason=null_check action=make_not_entrant pc=0x000000011f25bc90 method=java.lang.String.equals(Ljava/lang/Object;)Z @ 8 c2
Event: 0.391 Thread 0x00007f8b54813c00 DEOPT PACKING pc=0x000000011f25bc90 sp=0x0000000305bae640
Event: 0.391 Thread 0x00007f8b54813c00 DEOPT UNPACKING pc=0x00000001177c9e1f sp=0x0000000305bae608 mode 2
Event: 0.399 Thread 0x00007f8b54813c00 DEOPT PACKING pc=0x0000000117d8d46d sp=0x0000000305bae9c0
Event: 0.399 Thread 0x00007f8b54813c00 DEOPT UNPACKING pc=0x00000001177c9c1c sp=0x0000000305bade68 mode 0
Event: 0.438 Thread 0x00007f8b54813c00 DEOPT PACKING pc=0x0000000117d8d46d sp=0x0000000305ba9ce0
Event: 0.438 Thread 0x00007f8b54813c00 DEOPT UNPACKING pc=0x00000001177c9c1c sp=0x0000000305ba9188 mode 0
Event: 0.485 Thread 0x00007f8b54813c00 DEOPT PACKING pc=0x0000000117d8d46d sp=0x0000000305bab4a0
Event: 0.485 Thread 0x00007f8b54813c00 DEOPT UNPACKING pc=0x00000001177c9c1c sp=0x0000000305baa948 mode 0

Classes unloaded (0 events):
No events

Classes redefined (0 events):
No events

Internal exceptions (9 events):
Event: 0.391 Thread 0x00007f8b54813c00 Implicit null exception at 0x000000011f25bb35 to 0x000000011f25bc80
Event: 0.424 Thread 0x00007f8b5580ee00 Exception <a 'java/lang/NoSuchMethodError'{0x00000007878dae38}: 'java.lang.Object java.lang.invoke.DirectMethodHandle$Holder.invokeStatic(java.lang.Object)'> (0x00000007878dae38) 
thrown [./open/src/hotspot/share/interpreter/linkResolver.cpp, line 782]
Event: 0.425 Thread 0x00007f8b5580ee00 Exception <a 'java/lang/NoSuchMethodError'{0x00000007878de620}: 'java.lang.Object java.lang.invoke.DirectMethodHandle$Holder.invokeStaticInit(java.lang.Object)'> (0x00000007878de620) 
thrown [./open/src/hotspot/share/interpreter/linkResolver.cpp, line 782]
Event: 0.431 Thread 0x00007f8b54813c00 Exception <a 'java/lang/NoSuchMethodError'{0x000000078770e138}: 'void java.lang.invoke.DirectMethodHandle$Holder.invokeStatic(java.lang.Object, java.lang.Object)'> (0x000000078770e138) 
thrown [./open/src/hotspot/share/interpreter/linkResolver.cpp, line 782]
Event: 0.511 Thread 0x00007f8b54813c00 Exception <a 'java/lang/NoSuchMethodError'{0x000000078759dac0}: 'void java.lang.invoke.DirectMethodHandle$Holder.invokeSpecial(java.lang.Object, java.lang.Object, java.lang.Object)'> (0x000000078759dac0) 
thrown [./open/src/hotspot/share/interpreter/linkResolver.cpp, line 782]
Event: 0.530 Thread 0x00007f8b54813c00 Exception <a 'java/lang/NoSuchMethodError'{0x00000007875d5130}: 'void java.lang.invoke.DirectMethodHandle$Holder.invokeStatic(java.lang.Object, java.lang.Object, java.lang.Object)'> (0x00000007875d5130) 
thrown [./open/src/hotspot/share/interpreter/linkResolver.cpp, line 782]
Event: 0.625 Thread 0x00007f8b54813c00 Exception <a 'java/lang/NoSuchMethodError'{0x00000007874f0ea0}: 'int java.lang.invoke.DirectMethodHandle$Holder.invokeStaticInit(java.lang.Object, java.lang.Object, java.lang.Object)'> (0x00000007874f0ea0) 
thrown [./open/src/hotspot/share/interpreter/linkResolver.cpp, line 782]
Event: 0.789 Thread 0x00007f8b5486dc00 Exception <a 'java/lang/NoSuchMethodError'{0x000000078702a488}: 'void java.lang.invoke.DirectMethodHandle$Holder.invokeStaticInit(java.lang.Object)'> (0x000000078702a488) 
thrown [./open/src/hotspot/share/interpreter/linkResolver.cpp, line 782]
Event: 0.795 Thread 0x00007f8b54813c00 Exception <a 'java/lang/NoSuchMethodError'{0x000000078739f1c8}: 'java.lang.Object java.lang.invoke.DirectMethodHandle$Holder.newInvokeSpecial(java.lang.Object, java.lang.Object, java.lang.Object, java.lang.Object, java.lang.Object, java.lang.Object)'> (0x000000078739f1c8) 
thrown [./open/src/hotspot/share/interpreter/linkResolver.cpp, line 782]

Events (20 events):
Event: 0.722 loading class java/util/concurrent/FutureTask$WaitNode done
Event: 0.722 loading class java/util/concurrent/Executors$RunnableAdapter
Event: 0.722 loading class java/util/concurrent/Executors$RunnableAdapter done
Event: 0.775 loading class java/lang/IndexOutOfBoundsException
Event: 0.775 loading class java/lang/IndexOutOfBoundsException done
Event: 0.776 Loaded shared library /Library/Java/JavaVirtualMachines/jdk-15.0.2.jdk/Contents/Home/lib/libzip.dylib
Event: 0.779 loading class java/util/NoSuchElementException
Event: 0.779 loading class java/util/NoSuchElementException done
Event: 0.792 loading class java/util/AbstractList$Itr
Event: 0.792 loading class java/util/AbstractList$Itr done
Event: 0.794 loading class java/lang/NumberFormatException
Event: 0.794 loading class java/lang/NumberFormatException done
Event: 0.796 loading class java/util/concurrent/LinkedBlockingDeque$Node
Event: 0.797 loading class java/util/concurrent/LinkedBlockingDeque$Node done
Event: 0.798 Protecting memory [0x000000030721a000,0x000000030721e000] with protection modes 0
Event: 0.798 Thread 0x00007f8b570eae00 Thread added: 0x00007f8b570eae00
Event: 0.830 loading class java/util/EventListener
Event: 0.830 loading class java/util/EventListener done
Event: 0.831 loading class java/io/FileNotFoundException
Event: 0.831 loading class java/io/FileNotFoundException done


Dynamic libraries:
0x00007ffdffe79000 	/Library/Apple/usr/libexec/oah/runtime
0x00007fff2a5ea000 	/usr/lib/libz.1.dylib
0x0000000108e82000 	/Library/Java/JavaVirtualMachines/jdk-15.0.2.jdk/Contents/Home/lib/libjli.dylib
0x00007fff3529c000 	/System/Library/Frameworks/Cocoa.framework/Versions/A/Cocoa
0x00007fff22144000 	/System/Library/Frameworks/Security.framework/Versions/A/Security
0x00007fff33499000 	/System/Library/Frameworks/ApplicationServices.framework/Versions/A/ApplicationServices
0x00007fff2a6b6000 	/usr/lib/libSystem.B.dylib
0x00007fff2a6b0000 	/usr/lib/system/libcache.dylib
0x00007fff2a66c000 	/usr/lib/system/libcommonCrypto.dylib
0x00007fff2a696000 	/usr/lib/system/libcompiler_rt.dylib
0x00007fff2a68b000 	/usr/lib/system/libcopyfile.dylib
0x00007fff200e2000 	/usr/lib/system/libcorecrypto.dylib
0x00007fff201af000 	/usr/lib/system/libdispatch.dylib
0x00007fff20364000 	/usr/lib/system/libdyld.dylib
0x00007fff2a6a7000 	/usr/lib/system/libkeymgr.dylib
0x00007fff2dc4b000 	/usr/lib/system/liblaunch.dylib
0x00007fff2a64a000 	/usr/lib/system/libmacho.dylib
0x00007fff29e5f000 	/usr/lib/system/libquarantine.dylib
0x00007fff2a6a4000 	/usr/lib/system/libremovefile.dylib
0x00007fff24adb000 	/usr/lib/system/libsystem_asl.dylib
0x00007fff20092000 	/usr/lib/system/libsystem_blocks.dylib
0x00007fff20231000 	/usr/lib/system/libsystem_c.dylib
0x00007fff2a69e000 	/usr/lib/system/libsystem_collections.dylib
0x00007fff2924c000 	/usr/lib/system/libsystem_configuration.dylib
0x00007fff2853b000 	/usr/lib/system/libsystem_containermanager.dylib
0x00007fff2a3e2000 	/usr/lib/system/libsystem_coreservices.dylib
0x00007fff226f8000 	/usr/lib/system/libsystem_darwin.dylib
0x00007fff2a6a8000 	/usr/lib/system/libsystem_dnssd.dylib
0x00007fff2022e000 	/usr/lib/system/libsystem_featureflags.dylib
0x00007fff203a9000 	/usr/lib/system/libsystem_info.dylib
0x00007fff2a5fd000 	/usr/lib/system/libsystem_m.dylib
0x00007fff20182000 	/usr/lib/system/libsystem_malloc.dylib
0x00007fff24a6f000 	/usr/lib/system/libsystem_networkextension.dylib
0x00007fff22b13000 	/usr/lib/system/libsystem_notify.dylib
0x00007fff300ff000 	/usr/lib/system/libsystem_product_info_filter.dylib
0x00007fff29250000 	/usr/lib/system/libsystem_sandbox.dylib
0x00007fff2a6a1000 	/usr/lib/system/libsystem_secinit.dylib
0x00007fff20329000 	/usr/lib/system/libsystem_kernel.dylib
0x00007fff2039f000 	/usr/lib/system/libsystem_platform.dylib
0x00007fff20358000 	/usr/lib/system/libsystem_pthread.dylib
0x00007fff26209000 	/usr/lib/system/libsystem_symptoms.dylib
0x00007fff200ca000 	/usr/lib/system/libsystem_trace.dylib
0x00007fff2a678000 	/usr/lib/system/libunwind.dylib
0x00007fff20094000 	/usr/lib/system/libxpc.dylib
0x00007fff20310000 	/usr/lib/libc++abi.dylib
0x00007fff201f4000 	/usr/lib/libobjc.A.dylib
0x00007fff2a683000 	/usr/lib/liboah.dylib
0x00007fff202ba000 	/usr/lib/libc++.1.dylib
0x00007fff203d5000 	/System/Library/Frameworks/CoreFoundation.framework/Versions/A/CoreFoundation
0x00007fff210b7000 	/System/Library/Frameworks/Foundation.framework/Versions/C/Foundation
0x00007fff22b6b000 	/System/Library/Frameworks/AppKit.framework/Versions/C/AppKit
0x00007fff25a29000 	/System/Library/Frameworks/CoreData.framework/Versions/A/CoreData
0x00007fff238ce000 	/System/Library/PrivateFrameworks/UIFoundation.framework/Versions/A/UIFoundation
0x00007fff2fe78000 	/System/Library/PrivateFrameworks/RemoteViewServices.framework/Versions/A/RemoteViewServices
0x00007fff28c05000 	/System/Library/PrivateFrameworks/XCTTargetBootstrap.framework/Versions/A/XCTTargetBootstrap
0x00007fff2b954000 	/usr/lib/libspindump.dylib
0x00007fff23b23000 	/System/Library/Frameworks/UniformTypeIdentifiers.framework/Versions/A/UniformTypeIdentifiers
0x00007fff273db000 	/usr/lib/libapp_launch_measurement.dylib
0x00007fff273de000 	/System/Library/PrivateFrameworks/CoreAutoLayout.framework/Versions/A/CoreAutoLayout
0x00007fff28567000 	/System/Library/Frameworks/Metal.framework/Versions/A/Metal
0x00007fff2925b000 	/usr/lib/liblangid.dylib
0x00007fff28c09000 	/System/Library/PrivateFrameworks/CoreSVG.framework/Versions/A/CoreSVG
0x00007fff24b0a000 	/System/Library/PrivateFrameworks/SkyLight.framework/Versions/A/SkyLight
0x00007fff24e71000 	/System/Library/Frameworks/CoreGraphics.framework/Versions/A/CoreGraphics
0x00007fff304cf000 	/System/Library/Frameworks/Accelerate.framework/Versions/A/Accelerate
0x00007fff2b38f000 	/System/Library/PrivateFrameworks/IconServices.framework/Versions/A/IconServices
0x00007fff2854c000 	/System/Library/Frameworks/IOSurface.framework/Versions/A/IOSurface
0x00007fff263bb000 	/usr/lib/libDiagnosticMessagesClient.dylib
0x00007fff28bf1000 	/System/Library/PrivateFrameworks/DFRFoundation.framework/Versions/A/DFRFoundation
0x00007fff22496000 	/usr/lib/libicucore.A.dylib
0x00007fff2ce99000 	/System/Library/Frameworks/AudioToolbox.framework/Versions/A/AudioToolbox
0x00007fff2c13e000 	/System/Library/PrivateFrameworks/DataDetectorsCore.framework/Versions/A/DataDetectorsCore
0x00007fff288f1000 	/System/Library/Frameworks/Carbon.framework/Versions/A/Frameworks/HIToolbox.framework/Versions/A/HIToolbox
0x00007fff26e36000 	/System/Library/Frameworks/QuartzCore.framework/Versions/A/QuartzCore
0x00007fff2feb4000 	/System/Library/Frameworks/Carbon.framework/Versions/A/Frameworks/SpeechRecognition.framework/Versions/A/SpeechRecognition
0x00007fff27143000 	/System/Library/PrivateFrameworks/CoreUI.framework/Versions/A/CoreUI
0x00007fff21a9f000 	/System/Library/Frameworks/CoreAudio.framework/Versions/A/CoreAudio
0x00007fff264a6000 	/System/Library/Frameworks/DiskArbitration.framework/Versions/A/DiskArbitration
0x00007fff2bd4e000 	/System/Library/PrivateFrameworks/MultitouchSupport.framework/Versions/A/MultitouchSupport
0x00007fff2c135000 	/System/Library/PrivateFrameworks/InternationalSupport.framework/Versions/A/InternationalSupport
0x00007fff24a7e000 	/usr/lib/libenergytrace.dylib
0x00007fff22a64000 	/System/Library/Frameworks/IOKit.framework/Versions/A/IOKit
0x00007fff30201000 	/System/Library/Frameworks/CoreServices.framework/Versions/A/CoreServices
0x00007fff27371000 	/System/Library/PrivateFrameworks/PerformanceAnalysis.framework/Versions/A/PerformanceAnalysis
0x00007fff6cb77000 	/System/Library/Frameworks/OpenGL.framework/Versions/A/OpenGL
0x00007fff2c1ba000 	/System/Library/PrivateFrameworks/UserActivity.framework/Versions/A/UserActivity
0x00007fff2552b000 	/System/Library/Frameworks/ColorSync.framework/Versions/A/ColorSync
0x00007fff28e72000 	/System/Library/Frameworks/CoreImage.framework/Versions/A/CoreImage
0x00007fff218b6000 	/System/Library/Frameworks/CoreText.framework/Versions/A/CoreText
0x00007fff28c33000 	/System/Library/Frameworks/ImageIO.framework/Versions/A/ImageIO
0x00007fff2a6bc000 	/System/Library/PrivateFrameworks/SoftLinking.framework/Versions/A/SoftLinking
0x00007fff27427000 	/usr/lib/libxml2.2.dylib
0x00007fff2a92e000 	/usr/lib/libcompression.dylib
0x00007fff24a7f000 	/usr/lib/libMobileGestalt.dylib
0x00007fff2c068000 	/System/Library/PrivateFrameworks/TextureIO.framework/Versions/A/TextureIO
0x00007fff2b01c000 	/usr/lib/libate.dylib
0x00007fff2ad47000 	/usr/lib/liblzma.5.dylib
0x00007fff20dcb000 	/System/Library/Frameworks/SystemConfiguration.framework/Versions/A/SystemConfiguration
0x00007fff2a6b8000 	/usr/lib/libfakelink.dylib
0x00007fff245d1000 	/System/Library/Frameworks/CFNetwork.framework/Versions/A/CFNetwork
0x00007fff2a7f8000 	/usr/lib/libarchive.2.dylib
0x00007fff20e49000 	/usr/lib/libCRFSuite.dylib
0x00007fff29e86000 	/usr/lib/libbsm.0.dylib
0x00007fff23f8d000 	/usr/lib/libnetwork.dylib
0x00007fff2a6bd000 	/usr/lib/libpcap.A.dylib
0x00007fff26202000 	/usr/lib/libdns_services.dylib
0x00007fff2ad60000 	/usr/lib/libcoretls_cfhelpers.dylib
0x00007fff2a8fc000 	/usr/lib/libapple_nghttp2.dylib
0x00007fff2a650000 	/usr/lib/system/libkxld.dylib
0x00007fff25e70000 	/usr/lib/libsqlite3.dylib
0x00007fff2a3c4000 	/System/Library/PrivateFrameworks/AppleFSCompression.framework/Versions/A/AppleFSCompression
0x00007fff29e6e000 	/usr/lib/libcoretls.dylib
0x00007fff2a929000 	/usr/lib/libpam.2.dylib
0x00007fff2ae5d000 	/usr/lib/libxar.1.dylib
0x00007fff29257000 	/System/Library/PrivateFrameworks/AppleSystemInfo.framework/Versions/A/AppleSystemInfo
0x00007fff29ab1000 	/System/Library/PrivateFrameworks/IOMobileFramebuffer.framework/Versions/A/IOMobileFramebuffer
0x00007fff2a3d4000 	/usr/lib/libbz2.1.0.dylib
0x00007fff2a6f5000 	/usr/lib/libiconv.2.dylib
0x00007fff2a649000 	/usr/lib/libcharset.1.dylib
0x00007fff273ad000 	/System/Library/Frameworks/CoreServices.framework/Versions/A/Frameworks/FSEvents.framework/Versions/A/FSEvents
0x00007fff22702000 	/System/Library/Frameworks/CoreServices.framework/Versions/A/Frameworks/CarbonCore.framework/Versions/A/CarbonCore
0x00007fff2640b000 	/System/Library/Frameworks/CoreServices.framework/Versions/A/Frameworks/Metadata.framework/Versions/A/Metadata
0x00007fff2a3e7000 	/System/Library/Frameworks/CoreServices.framework/Versions/A/Frameworks/OSServices.framework/Versions/A/OSServices
0x00007fff2a86a000 	/System/Library/Frameworks/CoreServices.framework/Versions/A/Frameworks/SearchKit.framework/Versions/A/SearchKit
0x00007fff2618c000 	/System/Library/Frameworks/CoreServices.framework/Versions/A/Frameworks/AE.framework/Versions/A/AE
0x00007fff20871000 	/System/Library/Frameworks/CoreServices.framework/Versions/A/Frameworks/LaunchServices.framework/Versions/A/LaunchServices
0x00007fff2acf8000 	/System/Library/Frameworks/CoreServices.framework/Versions/A/Frameworks/DictionaryServices.framework/Versions/A/DictionaryServices
0x00007fff273b6000 	/System/Library/Frameworks/CoreServices.framework/Versions/A/Frameworks/SharedFileList.framework/Versions/A/SharedFileList
0x00007fff29e62000 	/usr/lib/libCheckFix.dylib
0x00007fff24af2000 	/System/Library/PrivateFrameworks/TCC.framework/Versions/A/TCC
0x00007fff2925d000 	/System/Library/PrivateFrameworks/CoreNLP.framework/Versions/A/CoreNLP
0x00007fff263be000 	/System/Library/PrivateFrameworks/MetadataUtilities.framework/Versions/A/MetadataUtilities
0x00007fff20e7f000 	/usr/lib/libmecabra.dylib
0x00007fff2a176000 	/System/Library/Frameworks/MLCompute.framework/Versions/A/MLCompute
0x00007fff29e97000 	/usr/lib/libmecab.dylib
0x00007fff29ee1000 	/usr/lib/libgermantok.dylib
0x00007fff2a8d2000 	/usr/lib/libThaiTokenizer.dylib
0x00007fff2ae98000 	/usr/lib/libChineseTokenizer.dylib
0x00007fff2a927000 	/System/Library/Frameworks/MetalPerformanceShaders.framework/Versions/A/MetalPerformanceShaders
0x00007fff264ad000 	/System/Library/Frameworks/Accelerate.framework/Versions/A/Frameworks/vImage.framework/Versions/A/vImage
0x00007fff301da000 	/System/Library/Frameworks/Accelerate.framework/Versions/A/Frameworks/vecLib.framework/Versions/A/vecLib
0x00007fff2aea3000 	/System/Library/Frameworks/Accelerate.framework/Versions/A/Frameworks/vecLib.framework/Versions/A/libvMisc.dylib
0x00007fff2990d000 	/System/Library/Frameworks/Accelerate.framework/Versions/A/Frameworks/vecLib.framework/Versions/A/libvDSP.dylib
0x00007fff20b75000 	/System/Library/Frameworks/Accelerate.framework/Versions/A/Frameworks/vecLib.framework/Versions/A/libBLAS.dylib
0x00007fff2a94d000 	/System/Library/Frameworks/Accelerate.framework/Versions/A/Frameworks/vecLib.framework/Versions/A/libLAPACK.dylib
0x00007fff29ee7000 	/System/Library/Frameworks/Accelerate.framework/Versions/A/Frameworks/vecLib.framework/Versions/A/libLinearAlgebra.dylib
0x00007fff2a914000 	/System/Library/Frameworks/Accelerate.framework/Versions/A/Frameworks/vecLib.framework/Versions/A/libSparseBLAS.dylib
0x00007fff2a947000 	/System/Library/Frameworks/Accelerate.framework/Versions/A/Frameworks/vecLib.framework/Versions/A/libQuadrature.dylib
0x00007fff29305000 	/System/Library/Frameworks/Accelerate.framework/Versions/A/Frameworks/vecLib.framework/Versions/A/libBNNS.dylib
0x00007fff20d5c000 	/System/Library/Frameworks/Accelerate.framework/Versions/A/Frameworks/vecLib.framework/Versions/A/libSparse.dylib
0x00007fff291f0000 	/System/Library/Frameworks/MetalPerformanceShaders.framework/Versions/A/Frameworks/MPSCore.framework/Versions/A/MPSCore
0x00007fff2a333000 	/System/Library/Frameworks/MetalPerformanceShaders.framework/Versions/A/Frameworks/MPSImage.framework/Versions/A/MPSImage
0x00007fff29efe000 	/System/Library/Frameworks/MetalPerformanceShaders.framework/Versions/A/Frameworks/MPSNeuralNetwork.framework/Versions/A/MPSNeuralNetwork
0x00007fff2a2be000 	/System/Library/Frameworks/MetalPerformanceShaders.framework/Versions/A/Frameworks/MPSMatrix.framework/Versions/A/MPSMatrix
0x00007fff2a126000 	/System/Library/Frameworks/MetalPerformanceShaders.framework/Versions/A/Frameworks/MPSRayIntersector.framework/Versions/A/MPSRayIntersector
0x00007fff2a2f5000 	/System/Library/Frameworks/MetalPerformanceShaders.framework/Versions/A/Frameworks/MPSNDArray.framework/Versions/A/MPSNDArray
0x00007fff20aa1000 	/System/Library/PrivateFrameworks/MetalTools.framework/Versions/A/MetalTools
0x00007fff29255000 	/System/Library/PrivateFrameworks/AggregateDictionary.framework/Versions/A/AggregateDictionary
0x00007fff26396000 	/System/Library/PrivateFrameworks/CoreAnalytics.framework/Versions/A/CoreAnalytics
0x00007fff2a8d4000 	/System/Library/PrivateFrameworks/AppleSauce.framework/Versions/A/AppleSauce
0x00007fff2855e000 	/System/Library/PrivateFrameworks/IOAccelerator.framework/Versions/A/IOAccelerator
0x00007fff6cb6b000 	/System/Library/Frameworks/OpenGL.framework/Versions/A/Libraries/libCoreFSCache.dylib
0x00007fff2141b000 	/System/Library/PrivateFrameworks/LanguageModeling.framework/Versions/A/LanguageModeling
0x00007fff29a9e000 	/System/Library/PrivateFrameworks/CoreEmoji.framework/Versions/A/CoreEmoji
0x00007fff292fe000 	/System/Library/PrivateFrameworks/LinguisticData.framework/Versions/A/LinguisticData
0x00007fff20d0e000 	/System/Library/PrivateFrameworks/Lexicon.framework/Versions/A/Lexicon
0x00007fff2a7e6000 	/usr/lib/libcmph.dylib
0x00007fff2738d000 	/System/Library/Frameworks/OpenDirectory.framework/Versions/A/Frameworks/CFOpenDirectory.framework/Versions/A/CFOpenDirectory
0x00007fff2737d000 	/System/Library/Frameworks/OpenDirectory.framework/Versions/A/OpenDirectory
0x00007fff2ad62000 	/System/Library/PrivateFrameworks/APFS.framework/Versions/A/APFS
0x00007fff29dc3000 	/System/Library/Frameworks/SecurityFoundation.framework/Versions/A/SecurityFoundation
0x00007fff2ae6b000 	/usr/lib/libutil.dylib
0x00007fff22a29000 	/System/Library/PrivateFrameworks/CoreServicesStore.framework/Versions/A/CoreServicesStore
0x00007fff29e5a000 	/System/Library/Frameworks/ServiceManagement.framework/Versions/A/ServiceManagement
0x00007fff2ae6f000 	/usr/lib/libxslt.1.dylib
0x00007fff29e50000 	/System/Library/PrivateFrameworks/BackgroundTaskManagement.framework/Versions/A/BackgroundTaskManagement
0x00007fff2bfb3000 	/System/Library/Frameworks/ImageIO.framework/Versions/A/Resources/libRadiance.dylib
0x00007fff2bfbc000 	/System/Library/Frameworks/ImageIO.framework/Versions/A/Resources/libJPEG.dylib
0x00007fff2bf08000 	/System/Library/Frameworks/ImageIO.framework/Versions/A/Resources/libPng.dylib
0x00007fff2bf2f000 	/System/Library/Frameworks/ImageIO.framework/Versions/A/Resources/libTIFF.dylib
0x00007fff2c011000 	/System/Library/Frameworks/ImageIO.framework/Versions/A/Resources/libGIF.dylib
0x00007fff2bc6c000 	/System/Library/Frameworks/ImageIO.framework/Versions/A/Resources/libJP2.dylib
0x00007fff2b356000 	/usr/lib/libexpat.1.dylib
0x00007fff2bc21000 	/System/Library/PrivateFrameworks/AppleJPEG.framework/Versions/A/AppleJPEG
0x00007fff28794000 	/System/Library/PrivateFrameworks/FontServices.framework/libFontParser.dylib
0x00007fff26140000 	/System/Library/PrivateFrameworks/RunningBoardServices.framework/Versions/A/RunningBoardServices
0x00007fff2bd4a000 	/System/Library/PrivateFrameworks/WatchdogClient.framework/Versions/A/WatchdogClient
0x00007fff21508000 	/System/Library/Frameworks/CoreDisplay.framework/Versions/A/CoreDisplay
0x00007fff286aa000 	/System/Library/Frameworks/CoreMedia.framework/Versions/A/CoreMedia
0x00007fff2750a000 	/System/Library/Frameworks/CoreVideo.framework/Versions/A/CoreVideo
0x00007fff2bd82000 	/System/Library/Frameworks/VideoToolbox.framework/Versions/A/VideoToolbox
0x00007fff260be000 	/System/Library/PrivateFrameworks/BaseBoard.framework/Versions/A/BaseBoard
0x00007fff2b49b000 	/System/Library/PrivateFrameworks/PersistentConnection.framework/Versions/A/PersistentConnection
0x00007fff25e59000 	/System/Library/PrivateFrameworks/ProtocolBuffer.framework/Versions/A/ProtocolBuffer
0x00007fff260a5000 	/System/Library/PrivateFrameworks/CommonUtilities.framework/Versions/A/CommonUtilities
0x00007fff2bbb6000 	/System/Library/PrivateFrameworks/Bom.framework/Versions/A/Bom
0x00007fff2bfac000 	/System/Library/PrivateFrameworks/GPUWrangler.framework/Versions/A/GPUWrangler
0x00007fff2bf8f000 	/System/Library/PrivateFrameworks/IOPresentment.framework/Versions/A/IOPresentment
0x00007fff2bfb6000 	/System/Library/PrivateFrameworks/DSExternalDisplay.framework/Versions/A/DSExternalDisplay
0x00007fff2c016000 	/System/Library/PrivateFrameworks/CMCaptureCore.framework/Versions/A/CMCaptureCore
0x00007fff2b93b000 	/System/Library/PrivateFrameworks/AppServerSupport.framework/Versions/A/AppServerSupport
0x00007fff2d9ea000 	/System/Library/PrivateFrameworks/perfdata.framework/Versions/A/perfdata
0x00007fff29db2000 	/System/Library/PrivateFrameworks/AssertionServices.framework/Versions/A/AssertionServices
0x00007fff2163f000 	/System/Library/PrivateFrameworks/AudioToolboxCore.framework/Versions/A/AudioToolboxCore
0x00007fff2868d000 	/System/Library/PrivateFrameworks/caulk.framework/Versions/A/caulk
0x00007fff3d695000 	/System/Library/PrivateFrameworks/SystemPolicy.framework/Versions/A/SystemPolicy
0x00007fff2b14b000 	/usr/lib/libIOReport.dylib
0x00007fff2d20c000 	/usr/lib/libSMC.dylib
0x00007fff2bed5000 	/usr/lib/libAudioToolboxUtility.dylib
0x00007fff3dfff000 	/usr/lib/libmis.dylib
0x00007fff6cbc7000 	/System/Library/Frameworks/OpenGL.framework/Versions/A/Libraries/libGLU.dylib
0x00007fff6cb8a000 	/System/Library/Frameworks/OpenGL.framework/Versions/A/Libraries/libGFXShared.dylib
0x00007fff6cd99000 	/System/Library/Frameworks/OpenGL.framework/Versions/A/Libraries/libGL.dylib
0x00007fff6cb93000 	/System/Library/Frameworks/OpenGL.framework/Versions/A/Libraries/libGLImage.dylib
0x00007fff6cb87000 	/System/Library/Frameworks/OpenGL.framework/Versions/A/Libraries/libCVMSPluginSupport.dylib
0x00007fff6cb72000 	/System/Library/Frameworks/OpenGL.framework/Versions/A/Libraries/libCoreVMClient.dylib
0x00007fff6e1da000 	/System/Library/Frameworks/OpenCL.framework/Versions/A/OpenCL
0x00007fff2b4c5000 	/System/Library/PrivateFrameworks/GraphVisualizer.framework/Versions/A/GraphVisualizer
0x00007fff2b4d4000 	/System/Library/PrivateFrameworks/FaceCore.framework/Versions/A/FaceCore
0x00007fff2b8f0000 	/System/Library/PrivateFrameworks/OTSVG.framework/Versions/A/OTSVG
0x00007fff27101000 	/System/Library/Frameworks/ApplicationServices.framework/Versions/A/Frameworks/ATS.framework/Versions/A/Resources/libFontRegistry.dylib
0x00007fff2b942000 	/System/Library/PrivateFrameworks/FontServices.framework/libhvf.dylib
0x00007fff2b302000 	/System/Library/PrivateFrameworks/AppleVA.framework/Versions/A/AppleVA
0x00007fff2d055000 	/System/Library/Frameworks/ApplicationServices.framework/Versions/A/Frameworks/ATS.framework/Versions/A/ATS
0x00007fff2d367000 	/System/Library/Frameworks/ApplicationServices.framework/Versions/A/Frameworks/ColorSyncLegacy.framework/Versions/A/ColorSyncLegacy
0x00007fff25622000 	/System/Library/Frameworks/ApplicationServices.framework/Versions/A/Frameworks/HIServices.framework/Versions/A/HIServices
0x00007fff2d34c000 	/System/Library/Frameworks/ApplicationServices.framework/Versions/A/Frameworks/LangAnalysis.framework/Versions/A/LangAnalysis
0x00007fff2c020000 	/System/Library/Frameworks/ApplicationServices.framework/Versions/A/Frameworks/PrintCore.framework/Versions/A/PrintCore
0x00007fff2d36f000 	/System/Library/Frameworks/ApplicationServices.framework/Versions/A/Frameworks/QD.framework/Versions/A/QD
0x00007fff2d045000 	/System/Library/Frameworks/ApplicationServices.framework/Versions/A/Frameworks/SpeechSynthesis.framework/Versions/A/SpeechSynthesis
0x00007fff2bfe1000 	/System/Library/Frameworks/ApplicationServices.framework/Versions/A/Frameworks/ATSUI.framework/Versions/A/ATSUI
0x00007fff2d2ec000 	/usr/lib/libcups.2.dylib
0x00007fff2d35c000 	/System/Library/PrivateFrameworks/NetAuth.framework/Versions/A/NetAuth
0x00007fff2da06000 	/System/Library/Frameworks/Kerberos.framework/Versions/A/Kerberos
0x00007fff2da16000 	/System/Library/Frameworks/GSS.framework/Versions/A/GSS
0x00007fff2d0c1000 	/usr/lib/libresolv.9.dylib
0x00007fff2b957000 	/System/Library/PrivateFrameworks/Heimdal.framework/Versions/A/Heimdal
0x00007fff3379a000 	/System/Library/Frameworks/Kerberos.framework/Versions/A/Libraries/libHeimdalProxy.dylib
0x00007fff26211000 	/System/Library/Frameworks/Network.framework/Versions/A/Network
0x00007fff2b370000 	/usr/lib/libheimdal-asn1.dylib
0x00007fff2da66000 	/System/Library/PrivateFrameworks/CommonAuth.framework/Versions/A/CommonAuth
0x00007fff27557000 	/System/Library/PrivateFrameworks/login.framework/Versions/A/Frameworks/loginsupport.framework/Versions/A/loginsupport
0x00007fff2cfca000 	/System/Library/PrivateFrameworks/AudioSession.framework/Versions/A/AudioSession
0x00007fff2d032000 	/usr/lib/libAudioStatistics.dylib
0x00007fff2b3fd000 	/System/Library/PrivateFrameworks/MediaExperience.framework/Versions/A/MediaExperience
0x00007fff2ce67000 	/System/Library/PrivateFrameworks/AudioSession.framework/libSessionUtility.dylib
0x00007fff2d9f7000 	/usr/lib/libperfcheck.dylib
0x00007fff2d37b000 	/System/Library/PrivateFrameworks/AudioResourceArbitration.framework/Versions/A/AudioResourceArbitration
0x00007fff2b37a000 	/System/Library/PrivateFrameworks/IconFoundation.framework/Versions/A/IconFoundation
0x00007fff2fea4000 	/System/Library/PrivateFrameworks/SpeechRecognitionCore.framework/Versions/A/SpeechRecognitionCore
0x000000010d000000 	/Library/Java/JavaVirtualMachines/jdk-15.0.2.jdk/Contents/Home/lib/server/libjvm.dylib
0x0000000108f0a000 	/Library/Java/JavaVirtualMachines/jdk-15.0.2.jdk/Contents/Home/lib/libjimage.dylib
0x0000000108f24000 	/Library/Java/JavaVirtualMachines/jdk-15.0.2.jdk/Contents/Home/lib/libinstrument.dylib
0x0000000108f49000 	/Library/Java/JavaVirtualMachines/jdk-15.0.2.jdk/Contents/Home/lib/libjava.dylib
0x000000012fae3000 	/Library/Java/JavaVirtualMachines/jdk-15.0.2.jdk/Contents/Home/lib/libnio.dylib
0x000000012fb11000 	/Library/Java/JavaVirtualMachines/jdk-15.0.2.jdk/Contents/Home/lib/libnet.dylib
0x000000012fbb2000 	/Library/Java/JavaVirtualMachines/jdk-15.0.2.jdk/Contents/Home/lib/libzip.dylib
0x000000012faa7000 	/Library/Java/JavaVirtualMachines/jdk-15.0.2.jdk/Contents/Home/lib/libextnet.dylib
0x000000012fdbc000 	/Users/petersalnikov/Documents/javafx-sdk-15.0.1/lib/libprism_es2.dylib
0x00007fff229ea000 	/System/Library/PrivateFrameworks/CoreServicesInternal.framework/Versions/A/CoreServicesInternal
0x00007fff6cda4000 	/System/Library/Frameworks/OpenGL.framework/Versions/A/Resources/GLEngine.bundle/GLEngine
0x00007fff6cc04000 	/System/Library/Frameworks/OpenGL.framework/Versions/A/Libraries/libGLProgrammability.dylib
0x000000012febc000 	/System/Library/Extensions/AppleMetalOpenGLRenderer.bundle/Contents/MacOS/AppleMetalOpenGLRenderer
0x00007fff6cf20000 	/System/Library/Frameworks/OpenGL.framework/Versions/A/Resources/GLRendererFloat.bundle/GLRendererFloat
0x0000000130011000 	/System/Library/Extensions/AGXMetal13_3.bundle/Contents/MacOS/AGXMetal13_3
0x00007fff38a5d000 	/System/Library/PrivateFrameworks/IOGPU.framework/Versions/A/IOGPU
0x00007fff6a6fd000 	/System/Library/PrivateFrameworks/GPUCompiler.framework/Versions/31001/Libraries/libmetal_timestamp.dylib
0x00000001313cf000 	/Users/petersalnikov/Documents/javafx-sdk-15.0.1/lib/libglass.dylib
0x00007fff3138a000 	/System/Library/Frameworks/FileProvider.framework/Versions/A/FileProvider
0x00007fff26028000 	/System/Library/Frameworks/Accounts.framework/Versions/A/Accounts
0x00007fff314ab000 	/System/Library/PrivateFrameworks/GenerationalStorage.framework/Versions/A/GenerationalStorage
0x00007fff31e6e000 	/System/Library/PrivateFrameworks/CoreSymbolication.framework/Versions/A/CoreSymbolication
0x00007fff30da9000 	/System/Library/PrivateFrameworks/SymptomDiagnosticReporter.framework/Versions/A/SymptomDiagnosticReporter
0x00007fff2e6af000 	/System/Library/PrivateFrameworks/AppContainer.framework/Versions/A/AppContainer
0x00007fff23b36000 	/System/Library/PrivateFrameworks/DesktopServicesPriv.framework/Versions/A/DesktopServicesPriv
0x00007fff22b1f000 	/usr/lib/libsandbox.1.dylib
0x00007fff27583000 	/System/Library/PrivateFrameworks/UserManagement.framework/Versions/A/UserManagement
0x00007fff29d8f000 	/System/Library/PrivateFrameworks/MobileKeyBag.framework/Versions/A/MobileKeyBag
0x00007fff34804000 	/System/Library/PrivateFrameworks/ChunkingLibrary.framework/Versions/A/ChunkingLibrary
0x00007fff31e31000 	/System/Library/PrivateFrameworks/DebugSymbols.framework/Versions/A/DebugSymbols
0x00007fff2e6c4000 	/System/Library/PrivateFrameworks/SecCodeWrapper.framework/Versions/A/SecCodeWrapper
0x00007fff2b153000 	/System/Library/PrivateFrameworks/CrashReporterSupport.framework/Versions/A/CrashReporterSupport
0x00007fff48587000 	/System/Library/PrivateFrameworks/OSAnalytics.framework/Versions/A/OSAnalytics
0x00007fff7839f000 	/usr/lib/libRosetta.dylib
0x00007fff331e5000 	/System/Library/PrivateFrameworks/RemoteServiceDiscovery.framework/Versions/A/RemoteServiceDiscovery
0x00007fff5255f000 	/System/Library/PrivateFrameworks/Symbolication.framework/Versions/A/Symbolication
0x00007fff331f5000 	/System/Library/PrivateFrameworks/RemoteXPC.framework/Versions/A/RemoteXPC
0x00007fff39700000 	/System/Library/PrivateFrameworks/OSAServicesClient.framework/Versions/A/OSAServicesClient
0x00007fff3dfde000 	/System/Library/PrivateFrameworks/MallocStackLogging.framework/Versions/A/MallocStackLogging
0x00007fff2e446000 	/System/Library/PrivateFrameworks/Sharing.framework/Versions/A/Sharing
0x00007fff32dc2000 	/System/Library/PrivateFrameworks/Apple80211.framework/Versions/A/Apple80211
0x00007fff2a415000 	/System/Library/PrivateFrameworks/AuthKit.framework/Versions/A/AuthKit
0x00007fff29b8f000 	/System/Library/PrivateFrameworks/CoreUtils.framework/Versions/A/CoreUtils
0x00007fff29abc000 	/System/Library/Frameworks/CoreWLAN.framework/Versions/A/CoreWLAN
0x00007fff2e58e000 	/System/Library/Frameworks/IOBluetooth.framework/Versions/A/IOBluetooth
0x00007fff32e26000 	/System/Library/PrivateFrameworks/CoreWiFi.framework/Versions/A/CoreWiFi
0x00007fff2daee000 	/System/Library/PrivateFrameworks/CorePhoneNumbers.framework/Versions/A/CorePhoneNumbers
0x00007fff30eb1000 	/System/Library/PrivateFrameworks/DiskManagement.framework/Versions/A/DiskManagement
0x00007fff30dc7000 	/System/Library/PrivateFrameworks/AppleIDAuthSupport.framework/Versions/A/AppleIDAuthSupport
0x00007fff2dacb000 	/System/Library/PrivateFrameworks/KeychainCircle.framework/Versions/A/KeychainCircle
0x00007fff30e7d000 	/System/Library/PrivateFrameworks/MediaKit.framework/Versions/A/MediaKit
0x00007fff30dd4000 	/System/Library/Frameworks/DiscRecording.framework/Versions/A/DiscRecording
0x00007fff2b276000 	/usr/lib/libCoreStorage.dylib
0x00007fff33260000 	/usr/lib/libcsfde.dylib
0x00007fff2e6c8000 	/System/Library/PrivateFrameworks/ProtectedCloudStorage.framework/Versions/A/ProtectedCloudStorage
0x00007fff33258000 	/System/Library/PrivateFrameworks/EFILogin.framework/Versions/A/EFILogin
0x00007fff3384d000 	/System/Library/Frameworks/AudioUnit.framework/Versions/A/AudioUnit
0x00007fff30d46000 	/System/Library/Frameworks/CoreBluetooth.framework/Versions/A/CoreBluetooth
0x00007fff2b26e000 	/usr/lib/libMatch.1.dylib
0x0000000132c30000 	/usr/lib/libobjc-trampolines.dylib
0x00007fff41c0b000 	/System/Library/Frameworks/Accelerate.framework/Versions/A/Frameworks/vImage.framework/Versions/A/Libraries/libCGInterfaces.dylib
0x00007fff27285000 	/System/Library/PrivateFrameworks/ViewBridge.framework/Versions/A/ViewBridge


VM Arguments:
jvm_args: --module-path=/Users/petersalnikov/Documents/javafx-sdk-15.0.1/lib --add-modules=javafx.controls,javafx.fxml -Djava.library.path=/Users/petersalnikov/Documents/javafx-sdk-15.0.1/lib -javaagent:/Applications/IntelliJ IDEA.app/Contents/lib/idea_rt.jar=52903:/Applications/IntelliJ IDEA.app/Contents/bin -Dfile.encoding=UTF-8 
java_command: Core.Game
java_class_path (initial): /Users/petersalnikov/Documents/Git/276assignments/Project/target/classes:/Users/petersalnikov/.m2/repository/org/junit/jupiter/junit-jupiter/5.4.2/junit-jupiter-5.4.2.jar:/Users/petersalnikov/.m2/repository/org/junit/jupiter/junit-jupiter-api/5.4.2/junit-jupiter-api-5.4.2.jar:/Users/petersalnikov/.m2/repository/org/opentest4j/opentest4j/1.1.1/opentest4j-1.1.1.jar:/Users/petersalnikov/.m2/repository/org/junit/platform/junit-platform-commons/1.4.2/junit-platform-commons-1.4.2.jar:/Users/petersalnikov/.m2/repository/org/junit/jupiter/junit-jupiter-params/5.4.2/junit-jupiter-params-5.4.2.jar:/Users/petersalnikov/.m2/repository/org/apiguardian/apiguardian-api/1.0.0/apiguardian-api-1.0.0.jar:/Users/petersalnikov/Documents/javafx-sdk-15.0.1/lib/src.zip:/Users/petersalnikov/Documents/javafx-sdk-15.0.1/lib/javafx-swt.jar:/Users/petersalnikov/Documents/javafx-sdk-15.0.1/lib/javafx.web.jar:/Users/petersalnikov/Documents/javafx-sdk-15.0.1/lib/javafx.base.jar:/Users/petersalnikov/Documents/javafx-sdk-15.0.1/lib/javafx.fxml.jar:/Users/petersalnikov/Documents/javafx-sdk-15.0.1/lib/javafx.media.jar:/Users/petersalnikov/Documents/javafx-sdk-15.0.1/lib/javafx.swing.jar:/Users/petersalnikov/Documents/javafx-sdk-15.0.1/lib/javafx.controls.jar:/Users/petersalnikov/Documents/javafx-sdk-15.0.1/lib/javafx.graphics.jar
Launcher Type: SUN_STANDARD

[Global flags]
     intx CICompilerCount                          = 4                                         {product} {ergonomic}
     uint ConcGCThreads                            = 2                                         {product} {ergonomic}
     uint G1ConcRefinementThreads                  = 8                                         {product} {ergonomic}
   size_t G1HeapRegionSize                         = 1048576                                   {product} {ergonomic}
    uintx GCDrainStackTargetSize                   = 64                                        {product} {ergonomic}
   size_t InitialHeapSize                          = 134217728                                 {product} {ergonomic}
   size_t MarkStackSize                            = 4194304                                   {product} {ergonomic}
   size_t MaxHeapSize                              = 2147483648                                {product} {ergonomic}
   size_t MaxNewSize                               = 1287651328                                {product} {ergonomic}
   size_t MinHeapDeltaBytes                        = 1048576                                   {product} {ergonomic}
   size_t MinHeapSize                              = 8388608                                   {product} {ergonomic}
    uintx NonNMethodCodeHeapSize                   = 5839372                                {pd product} {ergonomic}
    uintx NonProfiledCodeHeapSize                  = 122909434                              {pd product} {ergonomic}
    uintx ProfiledCodeHeapSize                     = 122909434                              {pd product} {ergonomic}
    uintx ReservedCodeCacheSize                    = 251658240                              {pd product} {ergonomic}
     bool SegmentedCodeCache                       = true                                      {product} {ergonomic}
   size_t SoftMaxHeapSize                          = 2147483648                             {manageable} {ergonomic}
     bool UseCompressedClassPointers               = true                                 {lp64_product} {ergonomic}
     bool UseCompressedOops                        = true                                 {lp64_product} {ergonomic}
     bool UseG1GC                                  = true                                      {product} {ergonomic}
     bool UseNUMA                                  = false                                     {product} {ergonomic}
     bool UseNUMAInterleaving                      = false                                     {product} {ergonomic}

Logging:
Log output configuration:
 #0: stdout all=warning uptime,level,tags
 #1: stderr all=off uptime,level,tags

Environment Variables:
PATH=/Users/petersalnikov/.sdkman/candidates/maven/current/bin:/opt/homebrew/bin:/opt/homebrew/sbin:/Library/Frameworks/Python.framework/Versions/3.9/bin:/usr/local/bin:/usr/bin:/bin:/usr/sbin:/sbin:/Library/Apple/usr/bin
SHELL=/bin/zsh
LC_CTYPE=en_CA.UTF-8

Signal Handlers:
SIGSEGV: [libjvm.dylib+0x9ff2f0], sa_mask[0]=11111111111111111111111111111111, sa_flags=SA_ONSTACK|SA_RESTART|SA_SIGINFO
SIGBUS: [libjvm.dylib+0x9ff2f0], sa_mask[0]=11111111111111111111111111111111, sa_flags=SA_RESTART|SA_SIGINFO
SIGFPE: [libjvm.dylib+0x9ff2f0], sa_mask[0]=11111111111111111111111111111111, sa_flags=SA_RESTART|SA_SIGINFO
SIGPIPE: [libjvm.dylib+0x82ae30], sa_mask[0]=11111111111111111111111111111111, sa_flags=SA_RESTART|SA_SIGINFO
SIGXFSZ: [libjvm.dylib+0x82ae30], sa_mask[0]=11111111111111111111111111111111, sa_flags=SA_RESTART|SA_SIGINFO
SIGILL: [libjvm.dylib+0x9ff2f0], sa_mask[0]=11111111111111111111111111111111, sa_flags=SA_RESTART|SA_SIGINFO
SIGUSR2: [libjvm.dylib+0x82b940], sa_mask[0]=00100000000000000000000000000000, sa_flags=SA_RESTART|SA_SIGINFO
SIGHUP: [libjvm.dylib+0x82a040], sa_mask[0]=11111111111111111111111111111111, sa_flags=SA_RESTART|SA_SIGINFO
SIGINT: [libjvm.dylib+0x82a040], sa_mask[0]=11111111111111111111111111111111, sa_flags=SA_RESTART|SA_SIGINFO
SIGTERM: [libjvm.dylib+0x82a040], sa_mask[0]=11111111111111111111111111111111, sa_flags=SA_RESTART|SA_SIGINFO
SIGQUIT: [libjvm.dylib+0x82a040], sa_mask[0]=11111111111111111111111111111111, sa_flags=SA_RESTART|SA_SIGINFO


---------------  S Y S T E M  ---------------

OS:uname: Darwin 20.3.0 Darwin Kernel Version 20.3.0: Thu Jan 21 00:06:51 PST 2021; root:xnu-7195.81.3~1/RELEASE_ARM64_T8101 x86_64
OS uptime: 2 days 20:37 hours
rlimit (soft/hard): STACK 8176k/65520k , CORE 0k/infinity , NPROC 1333/2000 , NOFILE 10240/infinity , AS infinity/infinity , CPU infinity/infinity , DATA infinity/infinity , FSIZE infinity/infinity , MEMLOCK infinity/infinity , RSS infinity/infinity
load average: 2.75 2.97 2.86

CPU: total 8 (initial active 8) (1 cores per cpu, 1 threads per core) family 6 model 44 stepping 0 microcode 0x0, cmov, cx8, fxsr, mmx, sse, sse2, sse3, ssse3, sse4.1, sse4.2, popcnt, aes, clmul, tsc, tscinvbit, tscinv, clflush

Memory: 4k page, physical 8388608k(86168k free), swap 4194304k(968960k free)

vm_info: Java HotSpot(TM) 64-Bit Server VM (15.0.2+7-27) for bsd-amd64 JRE (15.0.2+7-27), built on Dec  7 2020 20:08:32 by "mach5one" with clang 4.2.1 Compatible Apple LLVM 10.0.0 (clang-1000.11.45.5)

END.
